#
# There is insufficient memory for the Java Runtime Environment to continue.
# Native memory allocation (malloc) failed to allocate 32744 bytes for ChunkPool::allocate
# Possible reasons:
#   The system is out of physical RAM or swap space
#   The process is running with CompressedOops enabled, and the Java Heap may be blocking the growth of the native heap
# Possible solutions:
#   Reduce memory load on the system
#   Increase physical memory or swap space
#   Check if swap backing store is full
#   Decrease Java heap size (-Xmx/-Xms)
#   Decrease number of Java threads
#   Decrease Java thread stack sizes (-Xss)
#   Set larger code cache with -XX:ReservedCodeCacheSize=
#   JVM is running with Unscaled Compressed Oops mode in which the Java heap is
#     placed in the first 4GB address space. The Java Heap base address is the
#     maximum limit for the native heap growth. Please use -XX:HeapBaseMinAddress
#     to set the Java Heap base and to place the Java Heap above 4GB virtual address.
# This output file may be truncated or incomplete.
#
#  Out of Memory Error (arena.cpp:78), pid=9212, tid=14652
#
# JRE version: OpenJDK Runtime Environment JBR-17.0.8+7-1000.8-jcef (17.0.8+7) (build 17.0.8+7-b1000.8)
# Java VM: OpenJDK 64-Bit Server VM JBR-17.0.8+7-1000.8-jcef (17.0.8+7-b1000.8, mixed mode, tiered, compressed oops, compressed class ptrs, g1 gc, windows-amd64)
# No core dump will be written. Minidumps are not enabled by default on client versions of Windows
#

---------------  S U M M A R Y ------------

Command Line: -Djava.rmi.server.hostname=127.0.0.1 -Duser.timezone=UTC -Xmx2048m -Xms128m -Djna.boot.library.path=C:\Program Files\JetBrains\IntelliJ IDEA 2023.2.1/lib/jna/amd64 -Djna.nosys=true -Djna.noclasspath=true -Djdbc.classpath=C:\Program Files\JetBrains\IntelliJ IDEA 2023.2.1\plugins\DatabaseTools\lib\jdbc-console.jar;C:\Users\ASUS\AppData\Roaming\JetBrains\IntelliJIdea2023.2\jdbc-drivers\H2\2.1.210\com\h2database\h2\2.1.210\h2-2.1.210.jar --add-exports=java.desktop/sun.awt=ALL-UNNAMED --add-exports=java.desktop/java.awt.peer=ALL-UNNAMED --add-opens=java.desktop/java.awt=ALL-UNNAMED --add-opens=jdk.unsupported/sun.misc=ALL-UNNAMED --add-opens=java.base/java.nio=ALL-UNNAMED --add-opens=java.base/java.util=ALL-UNNAMED -Dfile.encoding=UTF-8 com.intellij.database.remote.RemoteJdbcServer org.h2.Driver

Host: Intel(R) Core(TM) i5-7200U CPU @ 2.50GHz, 4 cores, 7G,  Windows 10 , 64 bit Build 19041 (10.0.19041.3636)
Time: Fri Dec  8 16:45:57 2023 Paris, Madrid elapsed time: 3.308024 seconds (0d 0h 0m 3s)

---------------  T H R E A D  ---------------

Current thread (0x000001db5c01b740):  JavaThread "RMI TCP Connection(3)-127.0.0.1" daemon [_thread_in_vm, id=14652, stack(0x00000004afc00000,0x00000004afd00000)]

Stack: [0x00000004afc00000,0x00000004afd00000]
Native frames: (J=compiled Java code, j=interpreted, Vv=VM code, C=native code)
V  [jvm.dll+0x6852da]
V  [jvm.dll+0x844c84]
V  [jvm.dll+0x84659e]
V  [jvm.dll+0x846c03]
V  [jvm.dll+0x24b7cf]
V  [jvm.dll+0xac5dc]
V  [jvm.dll+0xac98c]
V  [jvm.dll+0x75e062]
V  [jvm.dll+0x8312f6]
V  [jvm.dll+0x834ccd]
V  [jvm.dll+0x8384e3]
V  [jvm.dll+0x831a0c]
V  [jvm.dll+0x377eb9]
V  [jvm.dll+0x377d26]
V  [jvm.dll+0x413e3e]
V  [jvm.dll+0x41f1ee]
C  0x000001db4907d601

Java frames: (J=compiled Java code, j=interpreted, Vv=VM code)
j  java.lang.Class.getDeclaredConstructors0(Z)[Ljava/lang/reflect/Constructor;+0 java.base@17.0.8
j  java.lang.Class.privateGetDeclaredConstructors(Z)[Ljava/lang/reflect/Constructor;+52 java.base@17.0.8
j  java.lang.Class.getConstructor0([Ljava/lang/Class;I)Ljava/lang/reflect/Constructor;+14 java.base@17.0.8
j  java.lang.Class.getConstructor([Ljava/lang/Class;)Ljava/lang/reflect/Constructor;+24 java.base@17.0.8
j  java.util.ServiceLoader$1.run()Ljava/lang/reflect/Constructor;+8 java.base@17.0.8
j  java.util.ServiceLoader$1.run()Ljava/lang/Object;+1 java.base@17.0.8
j  java.security.AccessController.executePrivileged(Ljava/security/PrivilegedExceptionAction;Ljava/security/AccessControlContext;Ljava/lang/Class;)Ljava/lang/Object;+29 java.base@17.0.8
j  java.security.AccessController.doPrivileged(Ljava/security/PrivilegedExceptionAction;)Ljava/lang/Object;+9 java.base@17.0.8
j  java.util.ServiceLoader.getConstructor(Ljava/lang/Class;)Ljava/lang/reflect/Constructor;+13 java.base@17.0.8
j  java.util.ServiceLoader$LazyClassPathLookupIterator.hasNextService()Z+59 java.base@17.0.8
j  java.util.ServiceLoader$LazyClassPathLookupIterator.hasNext()Z+11 java.base@17.0.8
j  java.util.ServiceLoader$2.hasNext()Z+16 java.base@17.0.8
j  java.util.ServiceLoader$3.hasNext()Z+32 java.base@17.0.8
j  com.intellij.database.remote.jdbc.helpers.JdbcHelperDetection.loadHelpers()Ljava/util/List;+20
j  com.intellij.database.remote.jdbc.helpers.JdbcHelperDetection.<init>()V+5
j  com.intellij.database.remote.jdbc.helpers.JdbcHelperDetection.getInstance()Lcom/intellij/database/remote/jdbc/helpers/JdbcHelperDetection;+10
j  com.intellij.database.remote.jdbc.helpers.JdbcHelperDetection.getImplsFor(Ljava/lang/String;[Ljava/lang/Class;)Ljava/lang/Iterable;+8
j  com.intellij.database.remote.jdbc.helpers.JdbcHelperDetection.detect(Ljava/sql/Driver;Ljava/lang/String;)Lcom/intellij/database/remote/jdbc/helpers/JdbcHelperImpl;+25
j  com.intellij.database.remote.jdbc.helpers.JdbcHelperDetection.detect(Ljava/sql/Driver;Ljava/lang/String;Ljava/lang/String;)Lcom/intellij/database/remote/jdbc/helpers/JdbcHelperImpl;+14
j  com.intellij.database.remote.jdbc.impl.RemoteDriverImpl.connect(Ljava/lang/String;Ljava/util/Properties;Ljava/util/Map;)Lcom/intellij/database/remote/jdbc/RemoteConnection;+43
v  ~StubRoutines::call_stub
j  jdk.internal.reflect.NativeMethodAccessorImpl.invoke0(Ljava/lang/reflect/Method;Ljava/lang/Object;[Ljava/lang/Object;)Ljava/lang/Object;+0 java.base@17.0.8
j  jdk.internal.reflect.NativeMethodAccessorImpl.invoke(Ljava/lang/Object;[Ljava/lang/Object;)Ljava/lang/Object;+133 java.base@17.0.8
j  jdk.internal.reflect.DelegatingMethodAccessorImpl.invoke(Ljava/lang/Object;[Ljava/lang/Object;)Ljava/lang/Object;+6 java.base@17.0.8
j  java.lang.reflect.Method.invoke(Ljava/lang/Object;[Ljava/lang/Object;)Ljava/lang/Object;+59 java.base@17.0.8
j  sun.rmi.server.UnicastServerRef.dispatch(Ljava/rmi/Remote;Ljava/rmi/server/RemoteCall;)V+264 java.rmi@17.0.8
j  sun.rmi.transport.Transport$1.run()Ljava/lang/Void;+23 java.rmi@17.0.8
j  sun.rmi.transport.Transport$1.run()Ljava/lang/Object;+1 java.rmi@17.0.8
j  java.security.AccessController.executePrivileged(Ljava/security/PrivilegedExceptionAction;Ljava/security/AccessControlContext;Ljava/lang/Class;)Ljava/lang/Object;+29 java.base@17.0.8
j  java.security.AccessController.doPrivileged(Ljava/security/PrivilegedExceptionAction;Ljava/security/AccessControlContext;)Ljava/lang/Object;+13 java.base@17.0.8
j  sun.rmi.transport.Transport.serviceCall(Ljava/rmi/server/RemoteCall;)Z+157 java.rmi@17.0.8
j  sun.rmi.transport.tcp.TCPTransport.handleMessages(Lsun/rmi/transport/Connection;Z)V+145 java.rmi@17.0.8
j  sun.rmi.transport.tcp.TCPTransport$ConnectionHandler.run0()V+522 java.rmi@17.0.8
j  sun.rmi.transport.tcp.TCPTransport$ConnectionHandler.lambda$run$0()Ljava/lang/Void;+1 java.rmi@17.0.8
j  sun.rmi.transport.tcp.TCPTransport$ConnectionHandler$$Lambda$65+0x000000010014c3c8.run()Ljava/lang/Object;+4 java.rmi@17.0.8
j  java.security.AccessController.executePrivileged(Ljava/security/PrivilegedAction;Ljava/security/AccessControlContext;Ljava/lang/Class;)Ljava/lang/Object;+29 java.base@17.0.8
j  java.security.AccessController.doPrivileged(Ljava/security/PrivilegedAction;Ljava/security/AccessControlContext;)Ljava/lang/Object;+13 java.base@17.0.8
j  sun.rmi.transport.tcp.TCPTransport$ConnectionHandler.run()V+37 java.rmi@17.0.8
j  java.util.concurrent.ThreadPoolExecutor.runWorker(Ljava/util/concurrent/ThreadPoolExecutor$Worker;)V+92 java.base@17.0.8
j  java.util.concurrent.ThreadPoolExecutor$Worker.run()V+5 java.base@17.0.8
j  java.lang.Thread.run()V+11 java.base@17.0.8
v  ~StubRoutines::call_stub

---------------  P R O C E S S  ---------------

Threads class SMR info:
_java_thread_list=0x000001db5c768c60, length=22, elements={
0x000001db3e3ccb20, 0x000001db57c74620, 0x000001db57c75430, 0x000001db57c7e0d0,
0x000001db57c7e9a0, 0x000001db5c01ae20, 0x000001db5c01d5a0, 0x000001db5c023320,
0x000001db5c02c300, 0x000001db5c01c670, 0x000001db5c01dab0, 0x000001db5c01c160,
0x000001db5c01cb80, 0x000001db5c01d090, 0x000001db5c01dfc0, 0x000001db5c01e9e0,
0x000001db5c01e4d0, 0x000001db5c01eef0, 0x000001db5c01b740, 0x000001db5c01bc50,
0x000001db5c7165d0, 0x000001db5c79bbf0
}

Java Threads: ( => current thread )
  0x000001db3e3ccb20 JavaThread "main" [_thread_blocked, id=1780, stack(0x00000004ae200000,0x00000004ae300000)]
  0x000001db57c74620 JavaThread "Reference Handler" daemon [_thread_blocked, id=14704, stack(0x00000004ae900000,0x00000004aea00000)]
  0x000001db57c75430 JavaThread "Finalizer" daemon [_thread_blocked, id=14544, stack(0x00000004aea00000,0x00000004aeb00000)]
  0x000001db57c7e0d0 JavaThread "Signal Dispatcher" daemon [_thread_blocked, id=15692, stack(0x00000004aeb00000,0x00000004aec00000)]
  0x000001db57c7e9a0 JavaThread "Attach Listener" daemon [_thread_blocked, id=13980, stack(0x00000004aec00000,0x00000004aed00000)]
  0x000001db5c01ae20 JavaThread "Service Thread" daemon [_thread_blocked, id=14604, stack(0x00000004aed00000,0x00000004aee00000)]
  0x000001db5c01d5a0 JavaThread "Monitor Deflation Thread" daemon [_thread_blocked, id=14220, stack(0x00000004aee00000,0x00000004aef00000)]
  0x000001db5c023320 JavaThread "C2 CompilerThread0" daemon [_thread_in_native, id=7680, stack(0x00000004aef00000,0x00000004af000000)]
  0x000001db5c02c300 JavaThread "C1 CompilerThread0" daemon [_thread_blocked, id=6320, stack(0x00000004af000000,0x00000004af100000)]
  0x000001db5c01c670 JavaThread "Sweeper thread" daemon [_thread_blocked, id=11748, stack(0x00000004af100000,0x00000004af200000)]
  0x000001db5c01dab0 JavaThread "Common-Cleaner" daemon [_thread_blocked, id=10836, stack(0x00000004af200000,0x00000004af300000)]
  0x000001db5c01c160 JavaThread "Notification Thread" daemon [_thread_blocked, id=15660, stack(0x00000004af300000,0x00000004af400000)]
  0x000001db5c01cb80 JavaThread "RMI TCP Accept-9703" daemon [_thread_in_native, id=16048, stack(0x00000004af600000,0x00000004af700000)]
  0x000001db5c01d090 JavaThread "RMI TCP Accept-0" daemon [_thread_in_native, id=11996, stack(0x00000004af700000,0x00000004af800000)]
  0x000001db5c01dfc0 JavaThread "RMI Reaper" [_thread_blocked, id=14784, stack(0x00000004af800000,0x00000004af900000)]
  0x000001db5c01e9e0 JavaThread "RMI GC Daemon" daemon [_thread_blocked, id=3460, stack(0x00000004af900000,0x00000004afa00000)]
  0x000001db5c01e4d0 JavaThread "RMI TCP Connection(1)-127.0.0.1" daemon [_thread_in_native, id=1112, stack(0x00000004afa00000,0x00000004afb00000)]
  0x000001db5c01eef0 JavaThread "RMI TCP Connection(2)-127.0.0.1" daemon [_thread_in_native, id=7244, stack(0x00000004afb00000,0x00000004afc00000)]
=>0x000001db5c01b740 JavaThread "RMI TCP Connection(3)-127.0.0.1" daemon [_thread_in_vm, id=14652, stack(0x00000004afc00000,0x00000004afd00000)]
  0x000001db5c01bc50 JavaThread "RMI Scheduler(0)" daemon [_thread_blocked, id=14944, stack(0x00000004afd00000,0x00000004afe00000)]
  0x000001db5c7165d0 JavaThread "RMI RenewClean-[127.0.0.1:55664]" daemon [_thread_blocked, id=15036, stack(0x00000004af500000,0x00000004af600000)]
  0x000001db5c79bbf0 JavaThread "C2 CompilerThread1" daemon [_thread_blocked, id=13848, stack(0x00000004afe00000,0x00000004aff00000)]

Other Threads:
  0x000001db57c50960 VMThread "VM Thread" [stack: 0x00000004ae800000,0x00000004ae900000] [id=8832] _threads_hazard_ptr=0x000001db5c768c60
  0x000001db57c60400 WatcherThread [stack: 0x00000004af400000,0x00000004af500000] [id=8220]
  0x000001db3e42a750 GCTaskThread "GC Thread#0" [stack: 0x00000004ae300000,0x00000004ae400000] [id=312]
  0x000001db3e43b4b0 ConcurrentGCThread "G1 Main Marker" [stack: 0x00000004ae400000,0x00000004ae500000] [id=14124]
  0x000001db3e43c470 ConcurrentGCThread "G1 Conc#0" [stack: 0x00000004ae500000,0x00000004ae600000] [id=14068]
  0x000001db3e48d430 ConcurrentGCThread "G1 Refine#0" [stack: 0x00000004ae600000,0x00000004ae700000] [id=15472]
  0x000001db3e48dc70 ConcurrentGCThread "G1 Service" [stack: 0x00000004ae700000,0x00000004ae800000] [id=6892]

Threads with active compile tasks:
C2 CompilerThread0     3333  752       4       jdk.internal.org.objectweb.asm.Frame::execute (2305 bytes)

VM state: synchronizing (normal execution)

VM Mutex/Monitor currently owned by a thread:  ([mutex/lock_event])
[0x000001db3e3c7880] Threads_lock - owner thread: 0x000001db57c50960

Heap address: 0x0000000080000000, size: 2048 MB, Compressed Oops mode: 32-bit

CDS archive(s) not mapped
Compressed class space mapped at: 0x0000000100000000-0x0000000140000000, reserved size: 1073741824
Narrow klass base: 0x0000000000000000, Narrow klass shift: 3, Narrow klass range: 0x140000000

GC Precious Log:
 CPUs: 4 total, 4 available
 Memory: 8073M
 Large Page Support: Disabled
 NUMA Support: Disabled
 Compressed Oops: Enabled (32-bit)
 Heap Region Size: 1M
 Heap Min Capacity: 128M
 Heap Initial Capacity: 128M
 Heap Max Capacity: 2G
 Pre-touch: Disabled
 Parallel Workers: 4
 Concurrent Workers: 1
 Concurrent Refinement Workers: 4
 Periodic GC: Disabled

Heap:
 garbage-first heap   total 131072K, used 13312K [0x0000000080000000, 0x0000000100000000)
  region size 1024K, 11 young (11264K), 0 survivors (0K)
 Metaspace       used 12716K, committed 12992K, reserved 1114112K
  class space    used 1320K, committed 1472K, reserved 1048576K

Heap Regions: E=young(eden), S=young(survivor), O=old, HS=humongous(starts), HC=humongous(continues), CS=collection set, F=free, OA=open archive, CA=closed archive, TAMS=top-at-mark-start (previous, next)
|   0|0x0000000080000000, 0x0000000080100000, 0x0000000080100000|100%|HS|  |TAMS 0x0000000080000000, 0x0000000080000000| Complete 
|   1|0x0000000080100000, 0x0000000080200000, 0x0000000080200000|100%|HC|  |TAMS 0x0000000080100000, 0x0000000080100000| Complete 
|   2|0x0000000080200000, 0x0000000080300000, 0x0000000080300000|100%|HC|  |TAMS 0x0000000080200000, 0x0000000080200000| Complete 
|   3|0x0000000080300000, 0x0000000080400000, 0x0000000080400000|100%|HS|  |TAMS 0x0000000080300000, 0x0000000080300000| Complete 
|   4|0x0000000080400000, 0x0000000080400000, 0x0000000080500000|  0%| F|  |TAMS 0x0000000080400000, 0x0000000080400000| Untracked 
|   5|0x0000000080500000, 0x0000000080500000, 0x0000000080600000|  0%| F|  |TAMS 0x0000000080500000, 0x0000000080500000| Untracked 
|   6|0x0000000080600000, 0x0000000080600000, 0x0000000080700000|  0%| F|  |TAMS 0x0000000080600000, 0x0000000080600000| Untracked 
|   7|0x0000000080700000, 0x0000000080700000, 0x0000000080800000|  0%| F|  |TAMS 0x0000000080700000, 0x0000000080700000| Untracked 
|   8|0x0000000080800000, 0x0000000080800000, 0x0000000080900000|  0%| F|  |TAMS 0x0000000080800000, 0x0000000080800000| Untracked 
|   9|0x0000000080900000, 0x0000000080900000, 0x0000000080a00000|  0%| F|  |TAMS 0x0000000080900000, 0x0000000080900000| Untracked 
|  10|0x0000000080a00000, 0x0000000080a00000, 0x0000000080b00000|  0%| F|  |TAMS 0x0000000080a00000, 0x0000000080a00000| Untracked 
|  11|0x0000000080b00000, 0x0000000080b00000, 0x0000000080c00000|  0%| F|  |TAMS 0x0000000080b00000, 0x0000000080b00000| Untracked 
|  12|0x0000000080c00000, 0x0000000080c00000, 0x0000000080d00000|  0%| F|  |TAMS 0x0000000080c00000, 0x0000000080c00000| Untracked 
|  13|0x0000000080d00000, 0x0000000080d00000, 0x0000000080e00000|  0%| F|  |TAMS 0x0000000080d00000, 0x0000000080d00000| Untracked 
|  14|0x0000000080e00000, 0x0000000080e00000, 0x0000000080f00000|  0%| F|  |TAMS 0x0000000080e00000, 0x0000000080e00000| Untracked 
|  15|0x0000000080f00000, 0x0000000080f00000, 0x0000000081000000|  0%| F|  |TAMS 0x0000000080f00000, 0x0000000080f00000| Untracked 
|  16|0x0000000081000000, 0x0000000081000000, 0x0000000081100000|  0%| F|  |TAMS 0x0000000081000000, 0x0000000081000000| Untracked 
|  17|0x0000000081100000, 0x0000000081100000, 0x0000000081200000|  0%| F|  |TAMS 0x0000000081100000, 0x0000000081100000| Untracked 
|  18|0x0000000081200000, 0x0000000081200000, 0x0000000081300000|  0%| F|  |TAMS 0x0000000081200000, 0x0000000081200000| Untracked 
|  19|0x0000000081300000, 0x0000000081300000, 0x0000000081400000|  0%| F|  |TAMS 0x0000000081300000, 0x0000000081300000| Untracked 
|  20|0x0000000081400000, 0x0000000081400000, 0x0000000081500000|  0%| F|  |TAMS 0x0000000081400000, 0x0000000081400000| Untracked 
|  21|0x0000000081500000, 0x0000000081500000, 0x0000000081600000|  0%| F|  |TAMS 0x0000000081500000, 0x0000000081500000| Untracked 
|  22|0x0000000081600000, 0x0000000081600000, 0x0000000081700000|  0%| F|  |TAMS 0x0000000081600000, 0x0000000081600000| Untracked 
|  23|0x0000000081700000, 0x0000000081700000, 0x0000000081800000|  0%| F|  |TAMS 0x0000000081700000, 0x0000000081700000| Untracked 
|  24|0x0000000081800000, 0x0000000081800000, 0x0000000081900000|  0%| F|  |TAMS 0x0000000081800000, 0x0000000081800000| Untracked 
|  25|0x0000000081900000, 0x0000000081900000, 0x0000000081a00000|  0%| F|  |TAMS 0x0000000081900000, 0x0000000081900000| Untracked 
|  26|0x0000000081a00000, 0x0000000081a00000, 0x0000000081b00000|  0%| F|  |TAMS 0x0000000081a00000, 0x0000000081a00000| Untracked 
|  27|0x0000000081b00000, 0x0000000081b00000, 0x0000000081c00000|  0%| F|  |TAMS 0x0000000081b00000, 0x0000000081b00000| Untracked 
|  28|0x0000000081c00000, 0x0000000081c00000, 0x0000000081d00000|  0%| F|  |TAMS 0x0000000081c00000, 0x0000000081c00000| Untracked 
|  29|0x0000000081d00000, 0x0000000081d00000, 0x0000000081e00000|  0%| F|  |TAMS 0x0000000081d00000, 0x0000000081d00000| Untracked 
|  30|0x0000000081e00000, 0x0000000081e00000, 0x0000000081f00000|  0%| F|  |TAMS 0x0000000081e00000, 0x0000000081e00000| Untracked 
|  31|0x0000000081f00000, 0x0000000081f00000, 0x0000000082000000|  0%| F|  |TAMS 0x0000000081f00000, 0x0000000081f00000| Untracked 
|  32|0x0000000082000000, 0x0000000082000000, 0x0000000082100000|  0%| F|  |TAMS 0x0000000082000000, 0x0000000082000000| Untracked 
|  33|0x0000000082100000, 0x0000000082100000, 0x0000000082200000|  0%| F|  |TAMS 0x0000000082100000, 0x0000000082100000| Untracked 
|  34|0x0000000082200000, 0x0000000082200000, 0x0000000082300000|  0%| F|  |TAMS 0x0000000082200000, 0x0000000082200000| Untracked 
|  35|0x0000000082300000, 0x0000000082300000, 0x0000000082400000|  0%| F|  |TAMS 0x0000000082300000, 0x0000000082300000| Untracked 
|  36|0x0000000082400000, 0x0000000082400000, 0x0000000082500000|  0%| F|  |TAMS 0x0000000082400000, 0x0000000082400000| Untracked 
|  37|0x0000000082500000, 0x0000000082500000, 0x0000000082600000|  0%| F|  |TAMS 0x0000000082500000, 0x0000000082500000| Untracked 
|  38|0x0000000082600000, 0x0000000082600000, 0x0000000082700000|  0%| F|  |TAMS 0x0000000082600000, 0x0000000082600000| Untracked 
|  39|0x0000000082700000, 0x0000000082700000, 0x0000000082800000|  0%| F|  |TAMS 0x0000000082700000, 0x0000000082700000| Untracked 
|  40|0x0000000082800000, 0x0000000082800000, 0x0000000082900000|  0%| F|  |TAMS 0x0000000082800000, 0x0000000082800000| Untracked 
|  41|0x0000000082900000, 0x0000000082900000, 0x0000000082a00000|  0%| F|  |TAMS 0x0000000082900000, 0x0000000082900000| Untracked 
|  42|0x0000000082a00000, 0x0000000082a00000, 0x0000000082b00000|  0%| F|  |TAMS 0x0000000082a00000, 0x0000000082a00000| Untracked 
|  43|0x0000000082b00000, 0x0000000082b00000, 0x0000000082c00000|  0%| F|  |TAMS 0x0000000082b00000, 0x0000000082b00000| Untracked 
|  44|0x0000000082c00000, 0x0000000082c00000, 0x0000000082d00000|  0%| F|  |TAMS 0x0000000082c00000, 0x0000000082c00000| Untracked 
|  45|0x0000000082d00000, 0x0000000082d00000, 0x0000000082e00000|  0%| F|  |TAMS 0x0000000082d00000, 0x0000000082d00000| Untracked 
|  46|0x0000000082e00000, 0x0000000082e00000, 0x0000000082f00000|  0%| F|  |TAMS 0x0000000082e00000, 0x0000000082e00000| Untracked 
|  47|0x0000000082f00000, 0x0000000082f00000, 0x0000000083000000|  0%| F|  |TAMS 0x0000000082f00000, 0x0000000082f00000| Untracked 
|  48|0x0000000083000000, 0x0000000083000000, 0x0000000083100000|  0%| F|  |TAMS 0x0000000083000000, 0x0000000083000000| Untracked 
|  49|0x0000000083100000, 0x0000000083100000, 0x0000000083200000|  0%| F|  |TAMS 0x0000000083100000, 0x0000000083100000| Untracked 
|  50|0x0000000083200000, 0x0000000083200000, 0x0000000083300000|  0%| F|  |TAMS 0x0000000083200000, 0x0000000083200000| Untracked 
|  51|0x0000000083300000, 0x0000000083300000, 0x0000000083400000|  0%| F|  |TAMS 0x0000000083300000, 0x0000000083300000| Untracked 
|  52|0x0000000083400000, 0x0000000083400000, 0x0000000083500000|  0%| F|  |TAMS 0x0000000083400000, 0x0000000083400000| Untracked 
|  53|0x0000000083500000, 0x0000000083500000, 0x0000000083600000|  0%| F|  |TAMS 0x0000000083500000, 0x0000000083500000| Untracked 
|  54|0x0000000083600000, 0x0000000083600000, 0x0000000083700000|  0%| F|  |TAMS 0x0000000083600000, 0x0000000083600000| Untracked 
|  55|0x0000000083700000, 0x0000000083700000, 0x0000000083800000|  0%| F|  |TAMS 0x0000000083700000, 0x0000000083700000| Untracked 
|  56|0x0000000083800000, 0x0000000083800000, 0x0000000083900000|  0%| F|  |TAMS 0x0000000083800000, 0x0000000083800000| Untracked 
|  57|0x0000000083900000, 0x0000000083900000, 0x0000000083a00000|  0%| F|  |TAMS 0x0000000083900000, 0x0000000083900000| Untracked 
|  58|0x0000000083a00000, 0x0000000083a00000, 0x0000000083b00000|  0%| F|  |TAMS 0x0000000083a00000, 0x0000000083a00000| Untracked 
|  59|0x0000000083b00000, 0x0000000083b00000, 0x0000000083c00000|  0%| F|  |TAMS 0x0000000083b00000, 0x0000000083b00000| Untracked 
|  60|0x0000000083c00000, 0x0000000083c00000, 0x0000000083d00000|  0%| F|  |TAMS 0x0000000083c00000, 0x0000000083c00000| Untracked 
|  61|0x0000000083d00000, 0x0000000083d00000, 0x0000000083e00000|  0%| F|  |TAMS 0x0000000083d00000, 0x0000000083d00000| Untracked 
|  62|0x0000000083e00000, 0x0000000083e00000, 0x0000000083f00000|  0%| F|  |TAMS 0x0000000083e00000, 0x0000000083e00000| Untracked 
|  63|0x0000000083f00000, 0x0000000083f00000, 0x0000000084000000|  0%| F|  |TAMS 0x0000000083f00000, 0x0000000083f00000| Untracked 
|  64|0x0000000084000000, 0x0000000084000000, 0x0000000084100000|  0%| F|  |TAMS 0x0000000084000000, 0x0000000084000000| Untracked 
|  65|0x0000000084100000, 0x0000000084100000, 0x0000000084200000|  0%| F|  |TAMS 0x0000000084100000, 0x0000000084100000| Untracked 
|  66|0x0000000084200000, 0x0000000084200000, 0x0000000084300000|  0%| F|  |TAMS 0x0000000084200000, 0x0000000084200000| Untracked 
|  67|0x0000000084300000, 0x0000000084300000, 0x0000000084400000|  0%| F|  |TAMS 0x0000000084300000, 0x0000000084300000| Untracked 
|  68|0x0000000084400000, 0x0000000084400000, 0x0000000084500000|  0%| F|  |TAMS 0x0000000084400000, 0x0000000084400000| Untracked 
|  69|0x0000000084500000, 0x0000000084500000, 0x0000000084600000|  0%| F|  |TAMS 0x0000000084500000, 0x0000000084500000| Untracked 
|  70|0x0000000084600000, 0x0000000084600000, 0x0000000084700000|  0%| F|  |TAMS 0x0000000084600000, 0x0000000084600000| Untracked 
|  71|0x0000000084700000, 0x0000000084700000, 0x0000000084800000|  0%| F|  |TAMS 0x0000000084700000, 0x0000000084700000| Untracked 
|  72|0x0000000084800000, 0x0000000084800000, 0x0000000084900000|  0%| F|  |TAMS 0x0000000084800000, 0x0000000084800000| Untracked 
|  73|0x0000000084900000, 0x0000000084900000, 0x0000000084a00000|  0%| F|  |TAMS 0x0000000084900000, 0x0000000084900000| Untracked 
|  74|0x0000000084a00000, 0x0000000084a00000, 0x0000000084b00000|  0%| F|  |TAMS 0x0000000084a00000, 0x0000000084a00000| Untracked 
|  75|0x0000000084b00000, 0x0000000084b00000, 0x0000000084c00000|  0%| F|  |TAMS 0x0000000084b00000, 0x0000000084b00000| Untracked 
|  76|0x0000000084c00000, 0x0000000084c00000, 0x0000000084d00000|  0%| F|  |TAMS 0x0000000084c00000, 0x0000000084c00000| Untracked 
|  77|0x0000000084d00000, 0x0000000084d00000, 0x0000000084e00000|  0%| F|  |TAMS 0x0000000084d00000, 0x0000000084d00000| Untracked 
|  78|0x0000000084e00000, 0x0000000084e00000, 0x0000000084f00000|  0%| F|  |TAMS 0x0000000084e00000, 0x0000000084e00000| Untracked 
|  79|0x0000000084f00000, 0x0000000084f00000, 0x0000000085000000|  0%| F|  |TAMS 0x0000000084f00000, 0x0000000084f00000| Untracked 
|  80|0x0000000085000000, 0x0000000085000000, 0x0000000085100000|  0%| F|  |TAMS 0x0000000085000000, 0x0000000085000000| Untracked 
|  81|0x0000000085100000, 0x0000000085100000, 0x0000000085200000|  0%| F|  |TAMS 0x0000000085100000, 0x0000000085100000| Untracked 
|  82|0x0000000085200000, 0x0000000085200000, 0x0000000085300000|  0%| F|  |TAMS 0x0000000085200000, 0x0000000085200000| Untracked 
|  83|0x0000000085300000, 0x0000000085300000, 0x0000000085400000|  0%| F|  |TAMS 0x0000000085300000, 0x0000000085300000| Untracked 
|  84|0x0000000085400000, 0x0000000085400000, 0x0000000085500000|  0%| F|  |TAMS 0x0000000085400000, 0x0000000085400000| Untracked 
|  85|0x0000000085500000, 0x0000000085500000, 0x0000000085600000|  0%| F|  |TAMS 0x0000000085500000, 0x0000000085500000| Untracked 
|  86|0x0000000085600000, 0x0000000085600000, 0x0000000085700000|  0%| F|  |TAMS 0x0000000085600000, 0x0000000085600000| Untracked 
|  87|0x0000000085700000, 0x0000000085700000, 0x0000000085800000|  0%| F|  |TAMS 0x0000000085700000, 0x0000000085700000| Untracked 
|  88|0x0000000085800000, 0x0000000085800000, 0x0000000085900000|  0%| F|  |TAMS 0x0000000085800000, 0x0000000085800000| Untracked 
|  89|0x0000000085900000, 0x0000000085900000, 0x0000000085a00000|  0%| F|  |TAMS 0x0000000085900000, 0x0000000085900000| Untracked 
|  90|0x0000000085a00000, 0x0000000085a00000, 0x0000000085b00000|  0%| F|  |TAMS 0x0000000085a00000, 0x0000000085a00000| Untracked 
|  91|0x0000000085b00000, 0x0000000085b00000, 0x0000000085c00000|  0%| F|  |TAMS 0x0000000085b00000, 0x0000000085b00000| Untracked 
|  92|0x0000000085c00000, 0x0000000085c00000, 0x0000000085d00000|  0%| F|  |TAMS 0x0000000085c00000, 0x0000000085c00000| Untracked 
|  93|0x0000000085d00000, 0x0000000085d00000, 0x0000000085e00000|  0%| F|  |TAMS 0x0000000085d00000, 0x0000000085d00000| Untracked 
|  94|0x0000000085e00000, 0x0000000085e00000, 0x0000000085f00000|  0%| F|  |TAMS 0x0000000085e00000, 0x0000000085e00000| Untracked 
|  95|0x0000000085f00000, 0x0000000085f00000, 0x0000000086000000|  0%| F|  |TAMS 0x0000000085f00000, 0x0000000085f00000| Untracked 
|  96|0x0000000086000000, 0x0000000086000000, 0x0000000086100000|  0%| F|  |TAMS 0x0000000086000000, 0x0000000086000000| Untracked 
|  97|0x0000000086100000, 0x0000000086100000, 0x0000000086200000|  0%| F|  |TAMS 0x0000000086100000, 0x0000000086100000| Untracked 
|  98|0x0000000086200000, 0x0000000086200000, 0x0000000086300000|  0%| F|  |TAMS 0x0000000086200000, 0x0000000086200000| Untracked 
|  99|0x0000000086300000, 0x0000000086300000, 0x0000000086400000|  0%| F|  |TAMS 0x0000000086300000, 0x0000000086300000| Untracked 
| 100|0x0000000086400000, 0x0000000086400000, 0x0000000086500000|  0%| F|  |TAMS 0x0000000086400000, 0x0000000086400000| Untracked 
| 101|0x0000000086500000, 0x0000000086500000, 0x0000000086600000|  0%| F|  |TAMS 0x0000000086500000, 0x0000000086500000| Untracked 
| 102|0x0000000086600000, 0x0000000086600000, 0x0000000086700000|  0%| F|  |TAMS 0x0000000086600000, 0x0000000086600000| Untracked 
| 103|0x0000000086700000, 0x0000000086700000, 0x0000000086800000|  0%| F|  |TAMS 0x0000000086700000, 0x0000000086700000| Untracked 
| 104|0x0000000086800000, 0x0000000086800000, 0x0000000086900000|  0%| F|  |TAMS 0x0000000086800000, 0x0000000086800000| Untracked 
| 105|0x0000000086900000, 0x0000000086900000, 0x0000000086a00000|  0%| F|  |TAMS 0x0000000086900000, 0x0000000086900000| Untracked 
| 106|0x0000000086a00000, 0x0000000086a00000, 0x0000000086b00000|  0%| F|  |TAMS 0x0000000086a00000, 0x0000000086a00000| Untracked 
| 107|0x0000000086b00000, 0x0000000086b00000, 0x0000000086c00000|  0%| F|  |TAMS 0x0000000086b00000, 0x0000000086b00000| Untracked 
| 108|0x0000000086c00000, 0x0000000086c00000, 0x0000000086d00000|  0%| F|  |TAMS 0x0000000086c00000, 0x0000000086c00000| Untracked 
| 109|0x0000000086d00000, 0x0000000086d00000, 0x0000000086e00000|  0%| F|  |TAMS 0x0000000086d00000, 0x0000000086d00000| Untracked 
| 110|0x0000000086e00000, 0x0000000086e00000, 0x0000000086f00000|  0%| F|  |TAMS 0x0000000086e00000, 0x0000000086e00000| Untracked 
| 111|0x0000000086f00000, 0x0000000086f00000, 0x0000000087000000|  0%| F|  |TAMS 0x0000000086f00000, 0x0000000086f00000| Untracked 
| 112|0x0000000087000000, 0x0000000087000000, 0x0000000087100000|  0%| F|  |TAMS 0x0000000087000000, 0x0000000087000000| Untracked 
| 113|0x0000000087100000, 0x0000000087100000, 0x0000000087200000|  0%| F|  |TAMS 0x0000000087100000, 0x0000000087100000| Untracked 
| 114|0x0000000087200000, 0x0000000087200000, 0x0000000087300000|  0%| F|  |TAMS 0x0000000087200000, 0x0000000087200000| Untracked 
| 115|0x0000000087300000, 0x0000000087300000, 0x0000000087400000|  0%| F|  |TAMS 0x0000000087300000, 0x0000000087300000| Untracked 
| 116|0x0000000087400000, 0x0000000087400000, 0x0000000087500000|  0%| F|  |TAMS 0x0000000087400000, 0x0000000087400000| Untracked 
| 117|0x0000000087500000, 0x0000000087588610, 0x0000000087600000| 53%| E|  |TAMS 0x0000000087500000, 0x0000000087500000| Complete 
| 118|0x0000000087600000, 0x0000000087700000, 0x0000000087700000|100%| E|CS|TAMS 0x0000000087600000, 0x0000000087600000| Complete 
| 119|0x0000000087700000, 0x0000000087800000, 0x0000000087800000|100%| E|CS|TAMS 0x0000000087700000, 0x0000000087700000| Complete 
| 120|0x0000000087800000, 0x0000000087900000, 0x0000000087900000|100%| E|CS|TAMS 0x0000000087800000, 0x0000000087800000| Complete 
| 121|0x0000000087900000, 0x0000000087a00000, 0x0000000087a00000|100%| E|CS|TAMS 0x0000000087900000, 0x0000000087900000| Complete 
| 122|0x0000000087a00000, 0x0000000087b00000, 0x0000000087b00000|100%| E|CS|TAMS 0x0000000087a00000, 0x0000000087a00000| Complete 
| 123|0x0000000087b00000, 0x0000000087c00000, 0x0000000087c00000|100%| E|CS|TAMS 0x0000000087b00000, 0x0000000087b00000| Complete 
| 124|0x0000000087c00000, 0x0000000087d00000, 0x0000000087d00000|100%| E|CS|TAMS 0x0000000087c00000, 0x0000000087c00000| Complete 
| 125|0x0000000087d00000, 0x0000000087e00000, 0x0000000087e00000|100%| E|  |TAMS 0x0000000087d00000, 0x0000000087d00000| Complete 
| 126|0x0000000087e00000, 0x0000000087f00000, 0x0000000087f00000|100%| E|CS|TAMS 0x0000000087e00000, 0x0000000087e00000| Complete 
| 127|0x0000000087f00000, 0x0000000088000000, 0x0000000088000000|100%| E|CS|TAMS 0x0000000087f00000, 0x0000000087f00000| Complete 

Card table byte_map: [0x000001db50f40000,0x000001db51340000] _byte_map_base: 0x000001db50b40000

Marking Bits (Prev, Next): (CMBitMap*) 0x000001db3e42ab80, (CMBitMap*) 0x000001db3e42abc0
 Prev Bits: [0x000001db51740000, 0x000001db53740000)
 Next Bits: [0x000001db53740000, 0x000001db55740000)

Polling page: 0x000001db3c230000

Metaspace:

Usage:
  Non-class:     11.13 MB used.
      Class:      1.29 MB used.
       Both:     12.42 MB used.

Virtual space:
  Non-class space:       64.00 MB reserved,      11.25 MB ( 18%) committed,  1 nodes.
      Class space:        1.00 GB reserved,       1.44 MB ( <1%) committed,  1 nodes.
             Both:        1.06 GB reserved,      12.69 MB (  1%) committed. 

Chunk freelists:
   Non-Class:  4.66 MB
       Class:  14.61 MB
        Both:  19.27 MB

MaxMetaspaceSize: unlimited
CompressedClassSpaceSize: 1.00 GB
Initial GC threshold: 21.00 MB
Current GC threshold: 21.00 MB
CDS: off
MetaspaceReclaimPolicy: balanced
 - commit_granule_bytes: 65536.
 - commit_granule_words: 8192.
 - virtual_space_node_default_size: 8388608.
 - enlarge_chunks_in_place: 1.
 - new_chunks_are_fully_committed: 0.
 - uncommit_free_chunks: 1.
 - use_allocation_guard: 0.
 - handle_deallocations: 1.


Internal statistics:

num_allocs_failed_limit: 0.
num_arena_births: 244.
num_arena_deaths: 0.
num_vsnodes_births: 2.
num_vsnodes_deaths: 0.
num_space_committed: 203.
num_space_uncommitted: 0.
num_chunks_returned_to_freelist: 0.
num_chunks_taken_from_freelist: 369.
num_chunk_merges: 0.
num_chunk_splits: 215.
num_chunks_enlarged: 88.
num_inconsistent_stats: 0.

CodeHeap 'non-profiled nmethods': size=120000Kb used=262Kb max_used=262Kb free=119737Kb
 bounds [0x000001db49610000, 0x000001db49880000, 0x000001db50b40000]
CodeHeap 'profiled nmethods': size=120000Kb used=1282Kb max_used=1282Kb free=118718Kb
 bounds [0x000001db41b40000, 0x000001db41db0000, 0x000001db49070000]
CodeHeap 'non-nmethods': size=5760Kb used=1152Kb max_used=1171Kb free=4607Kb
 bounds [0x000001db49070000, 0x000001db492e0000, 0x000001db49610000]
 total_blobs=1255 nmethods=811 adapters=357
 compilation: enabled
              stopped_count=0, restarted_count=0
 full_count=0

Compilation events (20 events):
Event: 3.276 Thread 0x000001db5c02c300  803   !   3       jdk.internal.loader.URLClassPath$JarLoader::getResource (65 bytes)
Event: 3.277 Thread 0x000001db5c02c300 nmethod 803 0x000001db41c7b890 code [0x000001db41c7bae0, 0x000001db41c7c528]
Event: 3.279 Thread 0x000001db5c02c300  804   !   3       jdk.internal.loader.BuiltinClassLoader::loadClassOrNull (143 bytes)
Event: 3.281 Thread 0x000001db5c02c300 nmethod 804 0x000001db41c7c890 code [0x000001db41c7cbc0, 0x000001db41c7e0b8]
Event: 3.281 Thread 0x000001db5c02c300  805       3       java.io.RandomAccessFile::seek (22 bytes)
Event: 3.281 Thread 0x000001db5c02c300 nmethod 805 0x000001db41c7e910 code [0x000001db41c7eac0, 0x000001db41c7ed18]
Event: 3.282 Thread 0x000001db5c79bbf0  807       4       java.util.concurrent.ConcurrentHashMap::spread (10 bytes)
Event: 3.283 Thread 0x000001db5c79bbf0 nmethod 807 0x000001db49650590 code [0x000001db49650700, 0x000001db49650778]
Event: 3.283 Thread 0x000001db5c79bbf0  786       4       java.lang.String::isLatin1 (19 bytes)
Event: 3.283 Thread 0x000001db5c79bbf0 nmethod 786 0x000001db49650890 code [0x000001db49650a00, 0x000001db49650a98]
Event: 3.283 Thread 0x000001db5c79bbf0  766       4       jdk.internal.reflect.ByteVectorImpl::getLength (7 bytes)
Event: 3.284 Thread 0x000001db5c79bbf0 nmethod 766 0x000001db49650b90 code [0x000001db49650d00, 0x000001db49650d78]
Event: 3.284 Thread 0x000001db5c79bbf0  771       4       java.util.zip.ZipUtils::CENCOM (9 bytes)
Event: 3.285 Thread 0x000001db5c79bbf0 nmethod 771 0x000001db49650e90 code [0x000001db49651000, 0x000001db496510b8]
Event: 3.290 Thread 0x000001db5c02c300  809       1       java.net.URL::getHost (5 bytes)
Event: 3.290 Thread 0x000001db5c02c300 nmethod 809 0x000001db49651590 code [0x000001db49651720, 0x000001db496517f8]
Event: 3.291 Thread 0x000001db5c02c300  810       1       java.lang.NamedPackage::module (5 bytes)
Event: 3.291 Thread 0x000001db5c02c300 nmethod 810 0x000001db49651890 code [0x000001db49651a20, 0x000001db49651af8]
Event: 3.291 Thread 0x000001db5c02c300  811       3       java.lang.String::regionMatches (150 bytes)
Event: 3.293 Thread 0x000001db5c02c300 nmethod 811 0x000001db41c7ee10 code [0x000001db41c7f060, 0x000001db41c7f868]

GC Heap History (0 events):
No events

Dll operation events (1 events):
Event: 0.009 Loaded shared library C:\Program Files\JetBrains\IntelliJ IDEA 2023.2.1\jbr\bin\java.dll

Deoptimization events (16 events):
Event: 0.181 Thread 0x000001db3e3ccb20 Uncommon trap: trap_request=0xffffff45 fr.pc=0x000001db4961738c relative=0x000000000000016c
Event: 0.182 Thread 0x000001db3e3ccb20 Uncommon trap: reason=unstable_if action=reinterpret pc=0x000001db4961738c method=java.util.zip.ZipFile$Source.isMetaName([BII)Z @ 3 c2
Event: 0.182 Thread 0x000001db3e3ccb20 DEOPT PACKING pc=0x000001db4961738c sp=0x00000004ae2fde50
Event: 0.182 Thread 0x000001db3e3ccb20 DEOPT UNPACKING pc=0x000001db490c69a3 sp=0x00000004ae2fddf8 mode 2
Event: 0.226 Thread 0x000001db3e3ccb20 Uncommon trap: trap_request=0xffffff45 fr.pc=0x000001db49617e30 relative=0x00000000000005f0
Event: 0.226 Thread 0x000001db3e3ccb20 Uncommon trap: reason=unstable_if action=reinterpret pc=0x000001db49617e30 method=java.util.zip.ZipFile$Source.checkAndAddEntry(II)I @ 50 c2
Event: 0.226 Thread 0x000001db3e3ccb20 DEOPT PACKING pc=0x000001db49617e30 sp=0x00000004ae2fdd30
Event: 0.226 Thread 0x000001db3e3ccb20 DEOPT UNPACKING pc=0x000001db490c69a3 sp=0x00000004ae2fdca0 mode 2
Event: 0.495 Thread 0x000001db3e3ccb20 Uncommon trap: trap_request=0xffffff45 fr.pc=0x000001db49630974 relative=0x0000000000000074
Event: 0.495 Thread 0x000001db3e3ccb20 Uncommon trap: reason=unstable_if action=reinterpret pc=0x000001db49630974 method=jdk.internal.misc.Unsafe.convEndian(ZI)I @ 4 c2
Event: 0.495 Thread 0x000001db3e3ccb20 DEOPT PACKING pc=0x000001db49630974 sp=0x00000004ae2fdc20
Event: 0.495 Thread 0x000001db3e3ccb20 DEOPT UNPACKING pc=0x000001db490c69a3 sp=0x00000004ae2fdb50 mode 2
Event: 0.505 Thread 0x000001db3e3ccb20 DEOPT PACKING pc=0x000001db41b58367 sp=0x00000004ae2fe6b0
Event: 0.505 Thread 0x000001db3e3ccb20 DEOPT UNPACKING pc=0x000001db490c7143 sp=0x00000004ae2fdad0 mode 0
Event: 0.530 Thread 0x000001db3e3ccb20 DEOPT PACKING pc=0x000001db41b55051 sp=0x00000004ae2fd260
Event: 0.530 Thread 0x000001db3e3ccb20 DEOPT UNPACKING pc=0x000001db490c7143 sp=0x00000004ae2fc6d8 mode 0

Classes unloaded (0 events):
No events

Classes redefined (0 events):
No events

Internal exceptions (20 events):
Event: 0.285 Thread 0x000001db3e3ccb20 Exception <a 'java/lang/NoSuchMethodError'{0x0000000087c709b0}: 'void java.lang.invoke.DirectMethodHandle$Holder.invokeStatic(java.lang.Object, java.lang.Object, java.lang.Object)'> (0x0000000087c709b0) 
thrown [s\src\hotspot\share\interpreter\linkResolver.cpp, line 771]
Event: 0.291 Thread 0x000001db3e3ccb20 Exception <a 'java/lang/NoSuchMethodError'{0x0000000087c7d300}: 'java.lang.Object java.lang.invoke.Invokers$Holder.invoke_MT(java.lang.Object, java.lang.Object, java.lang.Object)'> (0x0000000087c7d300) 
thrown [s\src\hotspot\share\interpreter\linkResolver.cpp, line 771]
Event: 0.296 Thread 0x000001db3e3ccb20 Exception <a 'java/lang/NoSuchMethodError'{0x0000000087c8d778}: 'void java.lang.invoke.DirectMethodHandle$Holder.invokeInterface(java.lang.Object, java.lang.Object, java.lang.Object)'> (0x0000000087c8d778) 
thrown [s\src\hotspot\share\interpreter\linkResolver.cpp, line 771]
Event: 0.296 Thread 0x000001db3e3ccb20 Exception <a 'java/lang/IncompatibleClassChangeError'{0x0000000087c90e40}: Found class java.lang.Object, but interface was expected> (0x0000000087c90e40) 
thrown [s\src\hotspot\share\interpreter\linkResolver.cpp, line 838]
Event: 0.297 Thread 0x000001db3e3ccb20 Exception <a 'java/lang/IncompatibleClassChangeError'{0x0000000087c92398}: Found class java.lang.Object, but interface was expected> (0x0000000087c92398) 
thrown [s\src\hotspot\share\interpreter\linkResolver.cpp, line 838]
Event: 0.298 Thread 0x000001db3e3ccb20 Exception <a 'java/lang/IncompatibleClassChangeError'{0x0000000087c93490}: Found class java.lang.Object, but interface was expected> (0x0000000087c93490) 
thrown [s\src\hotspot\share\interpreter\linkResolver.cpp, line 838]
Event: 0.298 Thread 0x000001db3e3ccb20 Exception <a 'java/lang/IncompatibleClassChangeError'{0x0000000087c94970}: Found class java.lang.Object, but interface was expected> (0x0000000087c94970) 
thrown [s\src\hotspot\share\interpreter\linkResolver.cpp, line 838]
Event: 0.298 Thread 0x000001db3e3ccb20 Exception <a 'java/lang/IncompatibleClassChangeError'{0x0000000087c95928}: Found class java.lang.Object, but interface was expected> (0x0000000087c95928) 
thrown [s\src\hotspot\share\interpreter\linkResolver.cpp, line 838]
Event: 0.299 Thread 0x000001db3e3ccb20 Exception <a 'java/lang/NoSuchMethodError'{0x0000000087c98618}: 'void java.lang.invoke.DirectMethodHandle$Holder.invokeStatic(java.lang.Object, java.lang.Object)'> (0x0000000087c98618) 
thrown [s\src\hotspot\share\interpreter\linkResolver.cpp, line 771]
Event: 0.299 Thread 0x000001db3e3ccb20 Exception <a 'java/lang/NoSuchMethodError'{0x0000000087c9bd60}: 'void java.lang.invoke.DirectMethodHandle$Holder.invokeStaticInit(java.lang.Object, java.lang.Object)'> (0x0000000087c9bd60) 
thrown [s\src\hotspot\share\interpreter\linkResolver.cpp, line 771]
Event: 0.325 Thread 0x000001db3e3ccb20 Exception <a 'java/lang/NoSuchMethodError'{0x0000000087cae9b8}: 'java.lang.Object java.lang.invoke.DirectMethodHandle$Holder.invokeStaticInit(java.lang.Object)'> (0x0000000087cae9b8) 
thrown [s\src\hotspot\share\interpreter\linkResolver.cpp, line 771]
Event: 0.377 Thread 0x000001db3e3ccb20 Exception <a 'java/lang/NoSuchMethodError'{0x0000000087b42b88}: 'java.lang.Object java.lang.invoke.DirectMethodHandle$Holder.invokeStaticInit(java.lang.Object, int, int, int, int)'> (0x0000000087b42b88) 
thrown [s\src\hotspot\share\interpreter\linkResolver.cpp, line 771]
Event: 0.448 Thread 0x000001db3e3ccb20 Exception <a 'java/lang/NoSuchMethodError'{0x0000000087bfe0c0}: 'java.lang.Object java.lang.invoke.DirectMethodHandle$Holder.invokeStaticInit(java.lang.Object, java.lang.Object, int, int, int, int)'> (0x0000000087bfe0c0) 
thrown [s\src\hotspot\share\interpreter\linkResolver.cpp, line 771]
Event: 0.557 Thread 0x000001db3e3ccb20 Exception <a 'java/lang/NoSuchMethodError'{0x00000000878538e8}: 'java.lang.Object java.lang.invoke.Invokers$Holder.linkToTargetMethod(java.lang.Object, long, java.lang.Object)'> (0x00000000878538e8) 
thrown [s\src\hotspot\share\interpreter\linkResolver.cpp, line 771]
Event: 0.630 Thread 0x000001db5c01b740 Exception <a 'java/lang/NoSuchMethodError'{0x00000000877ab098}: static [B.<clinit>()V> (0x00000000877ab098) 
thrown [s\src\hotspot\share\prims\jni.cpp, line 1108]
Event: 3.222 Thread 0x000001db5c01b740 Exception <a 'java/lang/NoSuchMethodError'{0x0000000087614248}: static [Ljava/rmi/server/ObjID;.<clinit>()V> (0x0000000087614248) 
thrown [s\src\hotspot\share\prims\jni.cpp, line 1108]
Event: 3.224 Thread 0x000001db5c7165d0 Exception <a 'java/lang/InterruptedException'{0x0000000087643200}> (0x0000000087643200) 
thrown [s\src\hotspot\share\runtime\objectMonitor.cpp, line 1658]
Event: 3.225 Thread 0x000001db5c01b740 Exception <a 'java/lang/NoSuchMethodError'{0x000000008761bcb0}: 'void java.lang.invoke.DirectMethodHandle$Holder.invokeSpecial(java.lang.Object, java.lang.Object, java.lang.Object)'> (0x000000008761bcb0) 
thrown [s\src\hotspot\share\interpreter\linkResolver.cpp, line 771]
Event: 3.225 Thread 0x000001db5c01b740 Exception <a 'java/lang/NoSuchMethodError'{0x000000008761f218}: 'void java.lang.invoke.Invokers$Holder.invoke_MT(java.lang.Object, java.lang.Object, java.lang.Object)'> (0x000000008761f218) 
thrown [s\src\hotspot\share\interpreter\linkResolver.cpp, line 771]
Event: 3.225 Thread 0x000001db5c7165d0 Exception <a 'java/lang/NoSuchMethodError'{0x000000008764b9a0}: 'java.lang.Object java.lang.invoke.DirectMethodHandle$Holder.newInvokeSpecial(java.lang.Object, java.lang.Object, int, java.lang.Object, long)'> (0x000000008764b9a0) 
thrown [s\src\hotspot\share\interpreter\linkResolver.cpp, line 771]

VM Operations (6 events):
Event: 0.190 Executing VM operation: HandshakeAllThreads
Event: 0.190 Executing VM operation: HandshakeAllThreads done
Event: 0.307 Executing VM operation: HandshakeAllThreads
Event: 0.307 Executing VM operation: HandshakeAllThreads done
Event: 1.308 Executing VM operation: Cleanup
Event: 1.308 Executing VM operation: Cleanup done

Events (20 events):
Event: 3.265 loading class java/util/AbstractMap$SimpleImmutableEntry done
Event: 3.265 loading class java/util/Collections$SingletonSet
Event: 3.266 loading class java/util/Collections$SingletonSet done
Event: 3.266 loading class java/util/LinkedHashMap$LinkedEntrySet
Event: 3.266 loading class java/util/LinkedHashMap$LinkedEntrySet done
Event: 3.266 loading class java/util/LinkedHashMap$LinkedEntryIterator
Event: 3.266 loading class java/util/LinkedHashMap$LinkedEntryIterator done
Event: 3.266 loading class java/time/format/DateTimeTextProvider
Event: 3.266 loading class java/time/format/DateTimeTextProvider done
Event: 3.266 loading class java/time/format/DateTimeTextProvider$1
Event: 3.266 loading class java/time/format/DateTimeTextProvider$1 done
Event: 3.266 loading class java/time/format/DateTimeFormatterBuilder$1
Event: 3.267 loading class java/time/format/DateTimeFormatterBuilder$1 done
Event: 3.267 loading class java/time/format/DateTimeFormatterBuilder$TextPrinterParser
Event: 3.267 loading class java/time/format/DateTimeFormatterBuilder$TextPrinterParser done
Event: 3.267 loading class java/time/Period
Event: 3.267 loading class java/time/chrono/ChronoPeriod
Event: 3.268 loading class java/time/chrono/ChronoPeriod done
Event: 3.268 loading class java/time/Period done
Event: 3.282 Thread 0x000001db5c79bbf0 Thread added: 0x000001db5c79bbf0


Dynamic libraries:
0x00007ff727300000 - 0x00007ff72730a000 	C:\Program Files\JetBrains\IntelliJ IDEA 2023.2.1\jbr\bin\java.exe
0x00007fffd78f0000 - 0x00007fffd7ae8000 	C:\Windows\SYSTEM32\ntdll.dll
0x00007fffd75f0000 - 0x00007fffd76ad000 	C:\Windows\System32\KERNEL32.DLL
0x00007fffd50d0000 - 0x00007fffd53c6000 	C:\Windows\System32\KERNELBASE.dll
0x00007fffd4fd0000 - 0x00007fffd50d0000 	C:\Windows\System32\ucrtbase.dll
0x00007fffcc4e0000 - 0x00007fffcc4fb000 	C:\Program Files\JetBrains\IntelliJ IDEA 2023.2.1\jbr\bin\VCRUNTIME140.dll
0x00007fffcaf70000 - 0x00007fffcaf87000 	C:\Program Files\JetBrains\IntelliJ IDEA 2023.2.1\jbr\bin\jli.dll
0x00007fffd7450000 - 0x00007fffd75ee000 	C:\Windows\System32\USER32.dll
0x00007fffd5720000 - 0x00007fffd5742000 	C:\Windows\System32\win32u.dll
0x00007fffd5e80000 - 0x00007fffd5eac000 	C:\Windows\System32\GDI32.dll
0x00007fffd5750000 - 0x00007fffd586a000 	C:\Windows\System32\gdi32full.dll
0x00007fffd5460000 - 0x00007fffd54fd000 	C:\Windows\System32\msvcp_win.dll
0x00007fffc01f0000 - 0x00007fffc048a000 	C:\Windows\WinSxS\amd64_microsoft.windows.common-controls_6595b64144ccf1df_6.0.19041.3636_none_60b6a03d71f818d5\COMCTL32.dll
0x00007fffd59f0000 - 0x00007fffd5a8e000 	C:\Windows\System32\msvcrt.dll
0x00007fffd5e50000 - 0x00007fffd5e80000 	C:\Windows\System32\IMM32.DLL
0x00007fffcb3c0000 - 0x00007fffcb3cc000 	C:\Program Files\JetBrains\IntelliJ IDEA 2023.2.1\jbr\bin\vcruntime140_1.dll
0x00007fffb0fa0000 - 0x00007fffb102d000 	C:\Program Files\JetBrains\IntelliJ IDEA 2023.2.1\jbr\bin\msvcp140.dll
0x00007fff81bd0000 - 0x00007fff82853000 	C:\Program Files\JetBrains\IntelliJ IDEA 2023.2.1\jbr\bin\server\jvm.dll
0x00007fffd6c20000 - 0x00007fffd6ccf000 	C:\Windows\System32\ADVAPI32.dll
0x00007fffd5950000 - 0x00007fffd59ec000 	C:\Windows\System32\sechost.dll
0x00007fffd6f30000 - 0x00007fffd7056000 	C:\Windows\System32\RPCRT4.dll
0x00007fffd44f0000 - 0x00007fffd453b000 	C:\Windows\SYSTEM32\POWRPROF.dll
0x00007fffbfc40000 - 0x00007fffbfc49000 	C:\Windows\SYSTEM32\WSOCK32.dll
0x00007fffc0630000 - 0x00007fffc0657000 	C:\Windows\SYSTEM32\WINMM.dll
0x00007fffd73e0000 - 0x00007fffd744b000 	C:\Windows\System32\WS2_32.dll
0x00007fffce610000 - 0x00007fffce61a000 	C:\Windows\SYSTEM32\VERSION.dll
0x00007fffd43b0000 - 0x00007fffd43c2000 	C:\Windows\SYSTEM32\UMPDC.dll
0x00007fffd3830000 - 0x00007fffd3842000 	C:\Windows\SYSTEM32\kernel.appcore.dll
0x00007fffced00000 - 0x00007fffced0a000 	C:\Program Files\JetBrains\IntelliJ IDEA 2023.2.1\jbr\bin\jimage.dll
0x00007fffd2d00000 - 0x00007fffd2ee4000 	C:\Windows\SYSTEM32\DBGHELP.DLL
0x00007fffbefc0000 - 0x00007fffbeff4000 	C:\Windows\SYSTEM32\dbgcore.DLL
0x00007fffd53d0000 - 0x00007fffd5452000 	C:\Windows\System32\bcryptPrimitives.dll
0x00007fffbccb0000 - 0x00007fffbccd5000 	C:\Program Files\JetBrains\IntelliJ IDEA 2023.2.1\jbr\bin\java.dll
0x00007fffcc4c0000 - 0x00007fffcc4d8000 	C:\Program Files\JetBrains\IntelliJ IDEA 2023.2.1\jbr\bin\zip.dll
0x00007fffd6040000 - 0x00007fffd6784000 	C:\Windows\System32\SHELL32.dll
0x00007fffd2ef0000 - 0x00007fffd368b000 	C:\Windows\SYSTEM32\windows.storage.dll
0x00007fffd5af0000 - 0x00007fffd5e44000 	C:\Windows\System32\combase.dll
0x00007fffd4930000 - 0x00007fffd495d000 	C:\Windows\SYSTEM32\Wldp.dll
0x00007fffd7210000 - 0x00007fffd72bd000 	C:\Windows\System32\SHCORE.dll
0x00007fffd7840000 - 0x00007fffd7895000 	C:\Windows\System32\shlwapi.dll
0x00007fffd4f00000 - 0x00007fffd4f25000 	C:\Windows\SYSTEM32\profapi.dll
0x00007fffcc430000 - 0x00007fffcc449000 	C:\Program Files\JetBrains\IntelliJ IDEA 2023.2.1\jbr\bin\net.dll
0x00007fffcbfe0000 - 0x00007fffcc0ea000 	C:\Windows\SYSTEM32\WINHTTP.dll
0x00007fffd4710000 - 0x00007fffd477a000 	C:\Windows\system32\mswsock.dll
0x00007fffcb3a0000 - 0x00007fffcb3b6000 	C:\Program Files\JetBrains\IntelliJ IDEA 2023.2.1\jbr\bin\nio.dll
0x00007fffd43d0000 - 0x00007fffd440b000 	C:\Windows\SYSTEM32\IPHLPAPI.DLL
0x00007fffd78a0000 - 0x00007fffd78a8000 	C:\Windows\System32\NSI.dll
0x00007fffcdce0000 - 0x00007fffcdcf7000 	C:\Windows\SYSTEM32\dhcpcsvc6.DLL
0x00007fffcd940000 - 0x00007fffcd95d000 	C:\Windows\SYSTEM32\dhcpcsvc.DLL
0x00007fffd4410000 - 0x00007fffd44da000 	C:\Windows\SYSTEM32\DNSAPI.dll
0x00007fffd4970000 - 0x00007fffd4988000 	C:\Windows\SYSTEM32\CRYPTSP.dll
0x00007fffd3ff0000 - 0x00007fffd4024000 	C:\Windows\system32\rsaenh.dll
0x00007fffd5920000 - 0x00007fffd5947000 	C:\Windows\System32\bcrypt.dll
0x00007fffd4ec0000 - 0x00007fffd4eee000 	C:\Windows\SYSTEM32\USERENV.dll
0x00007fffd48a0000 - 0x00007fffd48ac000 	C:\Windows\SYSTEM32\CRYPTBASE.dll
0x00007fffc9020000 - 0x00007fffc9027000 	C:\Program Files\JetBrains\IntelliJ IDEA 2023.2.1\jbr\bin\rmi.dll

dbghelp: loaded successfully - version: 4.0.5 - missing functions: none
symbol engine: initialized successfully - sym options: 0x614 - pdb path: .;C:\Program Files\JetBrains\IntelliJ IDEA 2023.2.1\jbr\bin;C:\Windows\SYSTEM32;C:\Windows\WinSxS\amd64_microsoft.windows.common-controls_6595b64144ccf1df_6.0.19041.3636_none_60b6a03d71f818d5;C:\Program Files\JetBrains\IntelliJ IDEA 2023.2.1\jbr\bin\server

VM Arguments:
jvm_args: -Djava.rmi.server.hostname=127.0.0.1 -Duser.timezone=UTC -Xmx2048m -Xms128m -Djna.boot.library.path=C:\Program Files\JetBrains\IntelliJ IDEA 2023.2.1/lib/jna/amd64 -Djna.nosys=true -Djna.noclasspath=true -Djdbc.classpath=C:\Program Files\JetBrains\IntelliJ IDEA 2023.2.1\plugins\DatabaseTools\lib\jdbc-console.jar;C:\Users\ASUS\AppData\Roaming\JetBrains\IntelliJIdea2023.2\jdbc-drivers\H2\2.1.210\com\h2database\h2\2.1.210\h2-2.1.210.jar --add-exports=java.desktop/sun.awt=ALL-UNNAMED --add-exports=java.desktop/java.awt.peer=ALL-UNNAMED --add-opens=java.desktop/java.awt=ALL-UNNAMED --add-opens=jdk.unsupported/sun.misc=ALL-UNNAMED --add-opens=java.base/java.nio=ALL-UNNAMED --add-opens=java.base/java.util=ALL-UNNAMED -Dfile.encoding=UTF-8 
java_command: com.intellij.database.remote.RemoteJdbcServer org.h2.Driver
java_class_path (initial): C:\Program Files\JetBrains\IntelliJ IDEA 2023.2.1\lib\util_rt.jar;C:\Program Files\JetBrains\IntelliJ IDEA 2023.2.1\lib\util-8.jar;C:\Program Files\JetBrains\IntelliJ IDEA 2023.2.1\lib\groovy.jar;C:\Program Files\JetBrains\IntelliJ IDEA 2023.2.1\plugins\DatabaseTools\lib\jdbc-console.jar;C:\Program Files\JetBrains\IntelliJ IDEA 2023.2.1\plugins\grid-core-impl\lib\jdbc-console-types.jar;C:\Program Files\JetBrains\IntelliJ IDEA 2023.2.1\lib\util.jar;C:\Program Files\JetBrains\IntelliJ IDEA 2023.2.1\lib\bouncy-castle.jar
Launcher Type: SUN_STANDARD

[Global flags]
     intx CICompilerCount                          = 3                                         {product} {ergonomic}
     uint ConcGCThreads                            = 1                                         {product} {ergonomic}
     uint G1ConcRefinementThreads                  = 4                                         {product} {ergonomic}
   size_t G1HeapRegionSize                         = 1048576                                   {product} {ergonomic}
    uintx GCDrainStackTargetSize                   = 64                                        {product} {ergonomic}
   size_t InitialHeapSize                          = 134217728                                 {product} {command line}
   size_t MarkStackSize                            = 4194304                                   {product} {ergonomic}
   size_t MaxHeapSize                              = 2147483648                                {product} {command line}
   size_t MaxNewSize                               = 1287651328                                {product} {ergonomic}
   size_t MinHeapDeltaBytes                        = 1048576                                   {product} {ergonomic}
   size_t MinHeapSize                              = 134217728                                 {product} {command line}
    uintx NonNMethodCodeHeapSize                   = 5832780                                {pd product} {ergonomic}
    uintx NonProfiledCodeHeapSize                  = 122912730                              {pd product} {ergonomic}
    uintx ProfiledCodeHeapSize                     = 122912730                              {pd product} {ergonomic}
    uintx ReservedCodeCacheSize                    = 251658240                              {pd product} {ergonomic}
     bool SegmentedCodeCache                       = true                                      {product} {ergonomic}
   size_t SoftMaxHeapSize                          = 2147483648                             {manageable} {ergonomic}
     bool UseCompressedClassPointers               = true                           {product lp64_product} {ergonomic}
     bool UseCompressedOops                        = true                           {product lp64_product} {ergonomic}
     bool UseG1GC                                  = true                                      {product} {ergonomic}
     bool UseLargePagesIndividualAllocation        = false                                  {pd product} {ergonomic}

Logging:
Log output configuration:
 #0: stdout all=warning uptime,level,tags
 #1: stderr all=off uptime,level,tags

Environment Variables:
JAVA_HOME=C:\Program Files\Java\jdk-17\bin
PATH=C:\Program Files (x86)\VMware\VMware Workstation\bin\;C:\Program Files (x86)\Common Files\Oracle\Java\javapath;C:\Program Files\Common Files\Oracle\Java\javapath;C:\Windows\system32;C:\Windows;C:\Windows\System32\Wbem;C:\Windows\System32\WindowsPowerShell\v1.0\;C:\Windows\System32\OpenSSH\;C:\Program Files\Git\cmd;C:\Program Files\nodejs\;C:\Program Files\Java\jdk1.8.0_202\bin;C:\Program Files\Java\jdk-17\bin;C:\Users\ASUS\AppData\Local\Microsoft\WindowsApps;C:\Users\ASUS\AppData\Local\GitHubDesktop\bin;C:\Users\ASUS\AppData\Roaming\npm;C:\Users\ASUS\AppData\Local\Programs\Microsoft VS Code\bin;C:\Program Files\MongoDB\Server\4.0\bin;
USERNAME=ASUS
OS=Windows_NT
PROCESSOR_IDENTIFIER=Intel64 Family 6 Model 142 Stepping 9, GenuineIntel
TMP=C:\Users\ASUS\AppData\Local\Temp
TEMP=C:\Users\ASUS\AppData\Local\Temp


JNI global refs:
JNI global refs: 16, weak refs: 0

JNI global refs memory usage: 843, weak refs: 841

OOME stack traces (most recent first):
Classloader memory used:
Loader bootstrap                                                                       : 1514K
Loader jdk.internal.loader.ClassLoaders$AppClassLoader                                 : 62407B
Loader jdk.internal.loader.ClassLoaders$PlatformClassLoader                            : 7002B
Loader jdk.internal.reflect.DelegatingClassLoader                                      : 6359B
Loader com.intellij.database.remote.jdbc.impl.JdbcClassLoader$JdbcClassLoaderImpl      : 809B


---------------  S Y S T E M  ---------------

OS:
 Windows 10 , 64 bit Build 19041 (10.0.19041.3636)
OS uptime: 0 days 23:00 hours
Hyper-V role detected

CPU: total 4 (initial active 4) (2 cores per cpu, 2 threads per core) family 6 model 142 stepping 9 microcode 0xb4, cx8, cmov, fxsr, ht, mmx, 3dnowpref, sse, sse2, sse3, ssse3, sse4.1, sse4.2, popcnt, lzcnt, tsc, tscinvbit, avx, avx2, aes, erms, clmul, bmi1, bmi2, adx, fma, vzeroupper, clflush, clflushopt, hv
Processor Information for all 4 processors :
  Max Mhz: 2712, Current Mhz: 2511, Mhz Limit: 2495

Memory: 4k page, system-wide physical 8073M (739M free)
TotalPageFile size 11914M (AvailPageFile size 5M)
current process WorkingSet (physical memory assigned to process): 65M, peak: 65M
current process commit charge ("private bytes"): 214M, peak: 216M

vm_info: OpenJDK 64-Bit Server VM (17.0.8+7-b1000.8) for windows-amd64 JRE (17.0.8+7-b1000.8), built on 2023-08-04 by "builduser" with MS VC++ 16.10 / 16.11 (VS2019)

END.
