#
# There is insufficient memory for the Java Runtime Environment to continue.
# Native memory allocation (mmap) failed to map 134217728 bytes for G1 virtual space
# Possible reasons:
#   The system is out of physical RAM or swap space
#   The process is running with CompressedOops enabled, and the Java Heap may be blocking the growth of the native heap
# Possible solutions:
#   Reduce memory load on the system
#   Increase physical memory or swap space
#   Check if swap backing store is full
#   Decrease Java heap size (-Xmx/-Xms)
#   Decrease number of Java threads
#   Decrease Java thread stack sizes (-Xss)
#   Set larger code cache with -XX:ReservedCodeCacheSize=
#   JVM is running with Unscaled Compressed Oops mode in which the Java heap is
#     placed in the first 4GB address space. The Java Heap base address is the
#     maximum limit for the native heap growth. Please use -XX:HeapBaseMinAddress
#     to set the Java Heap base and to place the Java Heap above 4GB virtual address.
# This output file may be truncated or incomplete.
#
#  Out of Memory Error (os_windows.cpp:3829), pid=14888, tid=5520
#
# JRE version:  (17.0.8+7) (build )
# Java VM: OpenJDK 64-Bit Server VM (17.0.8+7-b1000.8, mixed mode, sharing, tiered, compressed oops, compressed class ptrs, g1 gc, windows-amd64)
# No core dump will be written. Minidumps are not enabled by default on client versions of Windows
#

---------------  S U M M A R Y ------------

Command Line: -Djava.rmi.server.hostname=127.0.0.1 -Duser.timezone=UTC -Xmx2048m -Xms128m -Djna.boot.library.path=C:\Program Files\JetBrains\IntelliJ IDEA 2023.2.1/lib/jna/amd64 -Djna.nosys=true -Djna.noclasspath=true -Djdbc.classpath=C:\Program Files\JetBrains\IntelliJ IDEA 2023.2.1\plugins\DatabaseTools\lib\jdbc-console.jar;C:\Users\ASUS\AppData\Roaming\JetBrains\IntelliJIdea2023.2\jdbc-drivers\H2\2.1.210\com\h2database\h2\2.1.210\h2-2.1.210.jar --add-exports=java.desktop/sun.awt=ALL-UNNAMED --add-exports=java.desktop/java.awt.peer=ALL-UNNAMED --add-opens=java.desktop/java.awt=ALL-UNNAMED --add-opens=jdk.unsupported/sun.misc=ALL-UNNAMED --add-opens=java.base/java.nio=ALL-UNNAMED --add-opens=java.base/java.util=ALL-UNNAMED -Dfile.encoding=UTF-8 com.intellij.database.remote.RemoteJdbcServer org.h2.Driver

Host: Intel(R) Core(TM) i5-7200U CPU @ 2.50GHz, 4 cores, 7G,  Windows 10 , 64 bit Build 19041 (10.0.19041.3636)
Time: Fri Dec  8 16:43:55 2023 Paris, Madrid elapsed time: 0.038724 seconds (0d 0h 0m 0s)

---------------  T H R E A D  ---------------

Current thread (0x000001e3caee8f90):  JavaThread "Unknown thread" [_thread_in_vm, id=5520, stack(0x0000001367100000,0x0000001367200000)]

Stack: [0x0000001367100000,0x0000001367200000]
Native frames: (J=compiled Java code, j=interpreted, Vv=VM code, C=native code)
V  [jvm.dll+0x6852da]
V  [jvm.dll+0x844c84]
V  [jvm.dll+0x84659e]
V  [jvm.dll+0x846c03]
V  [jvm.dll+0x24b7cf]
V  [jvm.dll+0x682049]
V  [jvm.dll+0x67671a]
V  [jvm.dll+0x30be2b]
V  [jvm.dll+0x3132d6]
V  [jvm.dll+0x36302e]
V  [jvm.dll+0x36325f]
V  [jvm.dll+0x2e1f48]
V  [jvm.dll+0x2e2eb4]
V  [jvm.dll+0x815c11]
V  [jvm.dll+0x370df1]
V  [jvm.dll+0x7f4fdc]
V  [jvm.dll+0x3f3f1f]
V  [jvm.dll+0x3f5b31]
C  [jli.dll+0x528f]
C  [ucrtbase.dll+0x21bb2]
C  [KERNEL32.DLL+0x17344]
C  [ntdll.dll+0x526b1]


---------------  P R O C E S S  ---------------

Threads class SMR info:
_java_thread_list=0x00007fff82710098, length=0, elements={
}

Java Threads: ( => current thread )

Other Threads:
  0x000001e3caf45340 GCTaskThread "GC Thread#0" [stack: 0x0000001367200000,0x0000001367300000] [id=8616]
  0x000001e3caf561a0 ConcurrentGCThread "G1 Main Marker" [stack: 0x0000001367300000,0x0000001367400000] [id=4600]
  0x000001e3caf56ac0 ConcurrentGCThread "G1 Conc#0" [stack: 0x0000001367400000,0x0000001367500000] [id=13888]

[error occurred during error reporting (printing all threads), id 0xc0000005, EXCEPTION_ACCESS_VIOLATION (0xc0000005) at pc=0x00007fff81ec2ab7]

VM state: not at safepoint (not fully initialized)

VM Mutex/Monitor currently owned by a thread:  ([mutex/lock_event])
[0x000001e3caee24e0] Heap_lock - owner thread: 0x000001e3caee8f90

Heap address: 0x0000000080000000, size: 2048 MB, Compressed Oops mode: 32-bit

CDS archive(s) mapped at: [0x0000000000000000-0x0000000000000000-0x0000000000000000), size 0, SharedBaseAddress: 0x0000000800000000, ArchiveRelocationMode: 1.
Narrow klass base: 0x0000000000000000, Narrow klass shift: 0, Narrow klass range: 0x0

GC Precious Log:
<Empty>

Heap:
 garbage-first heap   total 0K, used 0K [0x0000000080000000, 0x0000000100000000)
  region size 1024K, 0 young (0K), 0 survivors (0K)
 Metaspace       used 0K, committed 0K, reserved 0K
  class space    used 0K, committed 0K, reserved 0K

Heap Regions: E=young(eden), S=young(survivor), O=old, HS=humongous(starts), HC=humongous(continues), CS=collection set, F=free, OA=open archive, CA=closed archive, TAMS=top-at-mark-start (previous, next)

Card table byte_map: [0x000001e3dda60000,0x000001e3dde60000] _byte_map_base: 0x000001e3dd660000

Marking Bits (Prev, Next): (CMBitMap*) 0x000001e3caf45870, (CMBitMap*) 0x000001e3caf458b0
 Prev Bits: [0x000001e3de260000, 0x000001e3e0260000)
 Next Bits: [0x000001e3e0260000, 0x000001e3e2260000)

GC Heap History (0 events):
No events

Dll operation events (1 events):
Event: 0.028 Loaded shared library C:\Program Files\JetBrains\IntelliJ IDEA 2023.2.1\jbr\bin\java.dll

Deoptimization events (0 events):
No events

Classes unloaded (0 events):
No events

Classes redefined (0 events):
No events

Internal exceptions (0 events):
No events

VM Operations (0 events):
No events

Events (0 events):
No events


Dynamic libraries:
0x00007ff727300000 - 0x00007ff72730a000 	C:\Program Files\JetBrains\IntelliJ IDEA 2023.2.1\jbr\bin\java.exe
0x00007fffd78f0000 - 0x00007fffd7ae8000 	C:\Windows\SYSTEM32\ntdll.dll
0x00007fffd75f0000 - 0x00007fffd76ad000 	C:\Windows\System32\KERNEL32.DLL
0x00007fffd50d0000 - 0x00007fffd53c6000 	C:\Windows\System32\KERNELBASE.dll
0x00007fffd4fd0000 - 0x00007fffd50d0000 	C:\Windows\System32\ucrtbase.dll
0x00007fffcec90000 - 0x00007fffcecab000 	C:\Program Files\JetBrains\IntelliJ IDEA 2023.2.1\jbr\bin\VCRUNTIME140.dll
0x00007fffcaf70000 - 0x00007fffcaf87000 	C:\Program Files\JetBrains\IntelliJ IDEA 2023.2.1\jbr\bin\jli.dll
0x00007fffd7450000 - 0x00007fffd75ee000 	C:\Windows\System32\USER32.dll
0x00007fffd5720000 - 0x00007fffd5742000 	C:\Windows\System32\win32u.dll
0x00007fffd5e80000 - 0x00007fffd5eac000 	C:\Windows\System32\GDI32.dll
0x00007fffd5750000 - 0x00007fffd586a000 	C:\Windows\System32\gdi32full.dll
0x00007fffd5460000 - 0x00007fffd54fd000 	C:\Windows\System32\msvcp_win.dll
0x00007fffc01f0000 - 0x00007fffc048a000 	C:\Windows\WinSxS\amd64_microsoft.windows.common-controls_6595b64144ccf1df_6.0.19041.3636_none_60b6a03d71f818d5\COMCTL32.dll
0x00007fffd59f0000 - 0x00007fffd5a8e000 	C:\Windows\System32\msvcrt.dll
0x00007fffd5e50000 - 0x00007fffd5e80000 	C:\Windows\System32\IMM32.DLL
0x00007fffcc4f0000 - 0x00007fffcc4fc000 	C:\Program Files\JetBrains\IntelliJ IDEA 2023.2.1\jbr\bin\vcruntime140_1.dll
0x00007fffb0fa0000 - 0x00007fffb102d000 	C:\Program Files\JetBrains\IntelliJ IDEA 2023.2.1\jbr\bin\msvcp140.dll
0x00007fff81bd0000 - 0x00007fff82853000 	C:\Program Files\JetBrains\IntelliJ IDEA 2023.2.1\jbr\bin\server\jvm.dll
0x00007fffd6c20000 - 0x00007fffd6ccf000 	C:\Windows\System32\ADVAPI32.dll
0x00007fffd5950000 - 0x00007fffd59ec000 	C:\Windows\System32\sechost.dll
0x00007fffd6f30000 - 0x00007fffd7056000 	C:\Windows\System32\RPCRT4.dll
0x00007fffd44f0000 - 0x00007fffd453b000 	C:\Windows\SYSTEM32\POWRPROF.dll
0x00007fffbfc40000 - 0x00007fffbfc49000 	C:\Windows\SYSTEM32\WSOCK32.dll
0x00007fffd73e0000 - 0x00007fffd744b000 	C:\Windows\System32\WS2_32.dll
0x00007fffc0630000 - 0x00007fffc0657000 	C:\Windows\SYSTEM32\WINMM.dll
0x00007fffce610000 - 0x00007fffce61a000 	C:\Windows\SYSTEM32\VERSION.dll
0x00007fffd43b0000 - 0x00007fffd43c2000 	C:\Windows\SYSTEM32\UMPDC.dll
0x00007fffd3830000 - 0x00007fffd3842000 	C:\Windows\SYSTEM32\kernel.appcore.dll
0x00007fffced00000 - 0x00007fffced0a000 	C:\Program Files\JetBrains\IntelliJ IDEA 2023.2.1\jbr\bin\jimage.dll
0x00007fffd2d00000 - 0x00007fffd2ee4000 	C:\Windows\SYSTEM32\DBGHELP.DLL
0x00007fffbefc0000 - 0x00007fffbeff4000 	C:\Windows\SYSTEM32\dbgcore.DLL
0x00007fffd53d0000 - 0x00007fffd5452000 	C:\Windows\System32\bcryptPrimitives.dll
0x00007fffbccb0000 - 0x00007fffbccd5000 	C:\Program Files\JetBrains\IntelliJ IDEA 2023.2.1\jbr\bin\java.dll

dbghelp: loaded successfully - version: 4.0.5 - missing functions: none
symbol engine: initialized successfully - sym options: 0x614 - pdb path: .;C:\Program Files\JetBrains\IntelliJ IDEA 2023.2.1\jbr\bin;C:\Windows\SYSTEM32;C:\Windows\WinSxS\amd64_microsoft.windows.common-controls_6595b64144ccf1df_6.0.19041.3636_none_60b6a03d71f818d5;C:\Program Files\JetBrains\IntelliJ IDEA 2023.2.1\jbr\bin\server

VM Arguments:
jvm_args: -Djava.rmi.server.hostname=127.0.0.1 -Duser.timezone=UTC -Xmx2048m -Xms128m -Djna.boot.library.path=C:\Program Files\JetBrains\IntelliJ IDEA 2023.2.1/lib/jna/amd64 -Djna.nosys=true -Djna.noclasspath=true -Djdbc.classpath=C:\Program Files\JetBrains\IntelliJ IDEA 2023.2.1\plugins\DatabaseTools\lib\jdbc-console.jar;C:\Users\ASUS\AppData\Roaming\JetBrains\IntelliJIdea2023.2\jdbc-drivers\H2\2.1.210\com\h2database\h2\2.1.210\h2-2.1.210.jar --add-exports=java.desktop/sun.awt=ALL-UNNAMED --add-exports=java.desktop/java.awt.peer=ALL-UNNAMED --add-opens=java.desktop/java.awt=ALL-UNNAMED --add-opens=jdk.unsupported/sun.misc=ALL-UNNAMED --add-opens=java.base/java.nio=ALL-UNNAMED --add-opens=java.base/java.util=ALL-UNNAMED -Dfile.encoding=UTF-8 
java_command: com.intellij.database.remote.RemoteJdbcServer org.h2.Driver
java_class_path (initial): C:\Program Files\JetBrains\IntelliJ IDEA 2023.2.1\lib\util_rt.jar;C:\Program Files\JetBrains\IntelliJ IDEA 2023.2.1\lib\util-8.jar;C:\Program Files\JetBrains\IntelliJ IDEA 2023.2.1\lib\groovy.jar;C:\Program Files\JetBrains\IntelliJ IDEA 2023.2.1\plugins\DatabaseTools\lib\jdbc-console.jar;C:\Program Files\JetBrains\IntelliJ IDEA 2023.2.1\plugins\grid-core-impl\lib\jdbc-console-types.jar;C:\Program Files\JetBrains\IntelliJ IDEA 2023.2.1\lib\util.jar;C:\Program Files\JetBrains\IntelliJ IDEA 2023.2.1\lib\bouncy-castle.jar
Launcher Type: SUN_STANDARD

[Global flags]
     intx CICompilerCount                          = 3                                         {product} {ergonomic}
     uint ConcGCThreads                            = 1                                         {product} {ergonomic}
     uint G1ConcRefinementThreads                  = 4                                         {product} {ergonomic}
   size_t G1HeapRegionSize                         = 1048576                                   {product} {ergonomic}
    uintx GCDrainStackTargetSize                   = 64                                        {product} {ergonomic}
   size_t InitialHeapSize                          = 134217728                                 {product} {command line}
   size_t MarkStackSize                            = 4194304                                   {product} {ergonomic}
   size_t MaxHeapSize                              = 2147483648                                {product} {command line}
   size_t MinHeapDeltaBytes                        = 1048576                                   {product} {ergonomic}
   size_t MinHeapSize                              = 134217728                                 {product} {command line}
    uintx NonNMethodCodeHeapSize                   = 5832780                                {pd product} {ergonomic}
    uintx NonProfiledCodeHeapSize                  = 122912730                              {pd product} {ergonomic}
    uintx ProfiledCodeHeapSize                     = 122912730                              {pd product} {ergonomic}
    uintx ReservedCodeCacheSize                    = 251658240                              {pd product} {ergonomic}
     bool SegmentedCodeCache                       = true                                      {product} {ergonomic}
   size_t SoftMaxHeapSize                          = 2147483648                             {manageable} {ergonomic}
     bool UseCompressedClassPointers               = true                           {product lp64_product} {ergonomic}
     bool UseCompressedOops                        = true                           {product lp64_product} {ergonomic}
     bool UseG1GC                                  = true                                      {product} {ergonomic}
     bool UseLargePagesIndividualAllocation        = false                                  {pd product} {ergonomic}

Logging:
Log output configuration:
 #0: stdout all=warning uptime,level,tags
 #1: stderr all=off uptime,level,tags

Environment Variables:
JAVA_HOME=C:\Program Files\Java\jdk-17\bin
PATH=C:\Program Files (x86)\VMware\VMware Workstation\bin\;C:\Program Files (x86)\Common Files\Oracle\Java\javapath;C:\Program Files\Common Files\Oracle\Java\javapath;C:\Windows\system32;C:\Windows;C:\Windows\System32\Wbem;C:\Windows\System32\WindowsPowerShell\v1.0\;C:\Windows\System32\OpenSSH\;C:\Program Files\Git\cmd;C:\Program Files\nodejs\;C:\Program Files\Java\jdk1.8.0_202\bin;C:\Program Files\Java\jdk-17\bin;C:\Users\ASUS\AppData\Local\Microsoft\WindowsApps;C:\Users\ASUS\AppData\Local\GitHubDesktop\bin;C:\Users\ASUS\AppData\Roaming\npm;C:\Users\ASUS\AppData\Local\Programs\Microsoft VS Code\bin;C:\Program Files\MongoDB\Server\4.0\bin;
USERNAME=ASUS
OS=Windows_NT
PROCESSOR_IDENTIFIER=Intel64 Family 6 Model 142 Stepping 9, GenuineIntel
TMP=C:\Users\ASUS\AppData\Local\Temp
TEMP=C:\Users\ASUS\AppData\Local\Temp


JNI global refs:
JNI global refs: 0, weak refs: 0

JNI global refs memory usage: 0, weak refs: 0

OOME stack traces (most recent first):
Classloader memory used:


---------------  S Y S T E M  ---------------

OS:
 Windows 10 , 64 bit Build 19041 (10.0.19041.3636)
OS uptime: 0 days 22:58 hours
Hyper-V role detected

CPU: total 4 (initial active 4) (2 cores per cpu, 2 threads per core) family 6 model 142 stepping 9 microcode 0xb4, cx8, cmov, fxsr, ht, mmx, 3dnowpref, sse, sse2, sse3, ssse3, sse4.1, sse4.2, popcnt, lzcnt, tsc, tscinvbit, avx, avx2, aes, erms, clmul, bmi1, bmi2, adx, fma, vzeroupper, clflush, clflushopt, hv
Processor Information for all 4 processors :
  Max Mhz: 2712, Current Mhz: 2511, Mhz Limit: 2495

Memory: 4k page, system-wide physical 8073M (563M free)
TotalPageFile size 11914M (AvailPageFile size 128M)
current process WorkingSet (physical memory assigned to process): 10M, peak: 10M
current process commit charge ("private bytes"): 51M, peak: 179M

vm_info: OpenJDK 64-Bit Server VM (17.0.8+7-b1000.8) for windows-amd64 JRE (17.0.8+7-b1000.8), built on 2023-08-04 by "builduser" with MS VC++ 16.10 / 16.11 (VS2019)

END.
