#
# There is insufficient memory for the Java Runtime Environment to continue.
# Native memory allocation (mmap) failed to map 65536 bytes for Failed to commit metaspace.
# Possible reasons:
#   The system is out of physical RAM or swap space
#   The process is running with CompressedOops enabled, and the Java Heap may be blocking the growth of the native heap
# Possible solutions:
#   Reduce memory load on the system
#   Increase physical memory or swap space
#   Check if swap backing store is full
#   Decrease Java heap size (-Xmx/-Xms)
#   Decrease number of Java threads
#   Decrease Java thread stack sizes (-Xss)
#   Set larger code cache with -XX:ReservedCodeCacheSize=
#   JVM is running with Unscaled Compressed Oops mode in which the Java heap is
#     placed in the first 4GB address space. The Java Heap base address is the
#     maximum limit for the native heap growth. Please use -XX:HeapBaseMinAddress
#     to set the Java Heap base and to place the Java Heap above 4GB virtual address.
# This output file may be truncated or incomplete.
#
#  Out of Memory Error (virtualSpaceNode.cpp:110), pid=15380, tid=3276
#
# JRE version: OpenJDK Runtime Environment JBR-17.0.8+7-1000.8-jcef (17.0.8+7) (build 17.0.8+7-b1000.8)
# Java VM: OpenJDK 64-Bit Server VM JBR-17.0.8+7-1000.8-jcef (17.0.8+7-b1000.8, mixed mode, tiered, compressed oops, compressed class ptrs, g1 gc, windows-amd64)
# No core dump will be written. Minidumps are not enabled by default on client versions of Windows
#

---------------  S U M M A R Y ------------

Command Line: -Djava.rmi.server.hostname=127.0.0.1 -Duser.timezone=UTC -Xmx2048m -Xms128m -Djna.boot.library.path=C:\Program Files\JetBrains\IntelliJ IDEA 2023.2.1/lib/jna/amd64 -Djna.nosys=true -Djna.noclasspath=true -Djdbc.classpath=C:\Program Files\JetBrains\IntelliJ IDEA 2023.2.1\plugins\DatabaseTools\lib\jdbc-console.jar;C:\Users\ASUS\AppData\Roaming\JetBrains\IntelliJIdea2023.2\jdbc-drivers\H2\2.1.210\com\h2database\h2\2.1.210\h2-2.1.210.jar --add-exports=java.desktop/sun.awt=ALL-UNNAMED --add-exports=java.desktop/java.awt.peer=ALL-UNNAMED --add-opens=java.desktop/java.awt=ALL-UNNAMED --add-opens=jdk.unsupported/sun.misc=ALL-UNNAMED --add-opens=java.base/java.nio=ALL-UNNAMED --add-opens=java.base/java.util=ALL-UNNAMED -Dfile.encoding=UTF-8 com.intellij.database.remote.RemoteJdbcServer org.h2.Driver

Host: Intel(R) Core(TM) i5-7200U CPU @ 2.50GHz, 4 cores, 7G,  Windows 10 , 64 bit Build 19041 (10.0.19041.3636)
Time: Fri Dec  8 16:45:08 2023 Paris, Madrid elapsed time: 0.980955 seconds (0d 0h 0m 0s)

---------------  T H R E A D  ---------------

Current thread (0x00000212e823c460):  JavaThread "RMI TCP Connection(4)-127.0.0.1" daemon [_thread_in_vm, id=3276, stack(0x00000098bb800000,0x00000098bb900000)]

Stack: [0x00000098bb800000,0x00000098bb900000]
Native frames: (J=compiled Java code, j=interpreted, Vv=VM code, C=native code)
V  [jvm.dll+0x6852da]
V  [jvm.dll+0x844c84]
V  [jvm.dll+0x84659e]
V  [jvm.dll+0x846c03]
V  [jvm.dll+0x24b7cf]
V  [jvm.dll+0x84003b]
V  [jvm.dll+0x6296c6]
V  [jvm.dll+0x1c2dee]
V  [jvm.dll+0x62c011]
V  [jvm.dll+0x62a066]
V  [jvm.dll+0x23f6bf]
V  [jvm.dll+0x633ef5]
V  [jvm.dll+0x1eeefb]
V  [jvm.dll+0x1ef435]
V  [jvm.dll+0x1efd54]
V  [jvm.dll+0x1e529c]
V  [jvm.dll+0x54b27d]
V  [jvm.dll+0x7bede5]
V  [jvm.dll+0x7beefe]
V  [jvm.dll+0x4148ba]
V  [jvm.dll+0x41aa39]
C  [java.dll+0x17ec]

Java frames: (J=compiled Java code, j=interpreted, Vv=VM code)
J 944  java.lang.ClassLoader.defineClass1(Ljava/lang/ClassLoader;Ljava/lang/String;[BIILjava/security/ProtectionDomain;Ljava/lang/String;)Ljava/lang/Class; java.base@17.0.8 (0 bytes) @ 0x00000212d4c19ddb [0x00000212d4c19d20+0x00000000000000bb]
j  java.lang.ClassLoader.defineClass(Ljava/lang/String;[BIILjava/security/ProtectionDomain;)Ljava/lang/Class;+27 java.base@17.0.8
j  java.security.SecureClassLoader.defineClass(Ljava/lang/String;[BIILjava/security/CodeSource;)Ljava/lang/Class;+12 java.base@17.0.8
j  java.net.URLClassLoader.defineClass(Ljava/lang/String;Ljdk/internal/loader/Resource;)Ljava/lang/Class;+220 java.base@17.0.8
j  java.net.URLClassLoader$1.run()Ljava/lang/Class;+43 java.base@17.0.8
j  java.net.URLClassLoader$1.run()Ljava/lang/Object;+1 java.base@17.0.8
j  java.security.AccessController.executePrivileged(Ljava/security/PrivilegedExceptionAction;Ljava/security/AccessControlContext;Ljava/lang/Class;)Ljava/lang/Object;+29 java.base@17.0.8
j  java.security.AccessController.doPrivileged(Ljava/security/PrivilegedExceptionAction;Ljava/security/AccessControlContext;)Ljava/lang/Object;+13 java.base@17.0.8
j  java.net.URLClassLoader.findClass(Ljava/lang/String;)Ljava/lang/Class;+13 java.base@17.0.8
j  com.intellij.database.remote.jdbc.impl.JdbcClassLoader$JdbcClassLoaderImpl.findClass(Ljava/lang/String;)Ljava/lang/Class;+20
J 1010 c1 java.lang.ClassLoader.loadClass(Ljava/lang/String;Z)Ljava/lang/Class; java.base@17.0.8 (121 bytes) @ 0x00000212cd2a9f5c [0x00000212cd2a99c0+0x000000000000059c]
J 842 c1 java.lang.ClassLoader.loadClass(Ljava/lang/String;)Ljava/lang/Class; java.base@17.0.8 (7 bytes) @ 0x00000212cd250abc [0x00000212cd2509c0+0x00000000000000fc]
v  ~StubRoutines::call_stub
j  org.h2.mvstore.MVStore$Builder.open()Lorg/h2/mvstore/MVStore;+0
j  org.h2.mvstore.db.Store.<init>(Lorg/h2/engine/Database;)V+228
j  org.h2.engine.Database.<init>(Lorg/h2/engine/ConnectionInfo;Ljava/lang/String;)V+1082
j  org.h2.engine.Engine.openSession(Lorg/h2/engine/ConnectionInfo;ZZLjava/lang/String;)Lorg/h2/engine/SessionLocal;+288
j  org.h2.engine.Engine.openSession(Lorg/h2/engine/ConnectionInfo;)Lorg/h2/engine/SessionLocal;+52
j  org.h2.engine.Engine.createSession(Lorg/h2/engine/ConnectionInfo;)Lorg/h2/engine/SessionLocal;+1
j  org.h2.engine.SessionRemote.connectEmbeddedOrServer(Z)Lorg/h2/engine/Session;+61
j  org.h2.jdbc.JdbcConnection.<init>(Ljava/lang/String;Ljava/util/Properties;Ljava/lang/String;Ljava/lang/Object;Z)V+70
j  org.h2.Driver.connect(Ljava/lang/String;Ljava/util/Properties;)Ljava/sql/Connection;+42
j  com.intellij.database.remote.jdbc.helpers.JdbcHelperImpl.connect(Ljava/sql/Driver;Ljava/lang/String;Ljava/util/Properties;Ljava/util/Map;)Ljava/sql/Connection;+254
j  com.intellij.database.remote.jdbc.impl.RemoteDriverImpl.connect(Ljava/lang/String;Ljava/util/Properties;Ljava/util/Map;)Lcom/intellij/database/remote/jdbc/RemoteConnection;+57
v  ~StubRoutines::call_stub
j  jdk.internal.reflect.NativeMethodAccessorImpl.invoke0(Ljava/lang/reflect/Method;Ljava/lang/Object;[Ljava/lang/Object;)Ljava/lang/Object;+0 java.base@17.0.8
j  jdk.internal.reflect.NativeMethodAccessorImpl.invoke(Ljava/lang/Object;[Ljava/lang/Object;)Ljava/lang/Object;+133 java.base@17.0.8
j  jdk.internal.reflect.DelegatingMethodAccessorImpl.invoke(Ljava/lang/Object;[Ljava/lang/Object;)Ljava/lang/Object;+6 java.base@17.0.8
j  java.lang.reflect.Method.invoke(Ljava/lang/Object;[Ljava/lang/Object;)Ljava/lang/Object;+59 java.base@17.0.8
j  sun.rmi.server.UnicastServerRef.dispatch(Ljava/rmi/Remote;Ljava/rmi/server/RemoteCall;)V+264 java.rmi@17.0.8
j  sun.rmi.transport.Transport$1.run()Ljava/lang/Void;+23 java.rmi@17.0.8
j  sun.rmi.transport.Transport$1.run()Ljava/lang/Object;+1 java.rmi@17.0.8
j  java.security.AccessController.executePrivileged(Ljava/security/PrivilegedExceptionAction;Ljava/security/AccessControlContext;Ljava/lang/Class;)Ljava/lang/Object;+29 java.base@17.0.8
j  java.security.AccessController.doPrivileged(Ljava/security/PrivilegedExceptionAction;Ljava/security/AccessControlContext;)Ljava/lang/Object;+13 java.base@17.0.8
j  sun.rmi.transport.Transport.serviceCall(Ljava/rmi/server/RemoteCall;)Z+157 java.rmi@17.0.8
j  sun.rmi.transport.tcp.TCPTransport.handleMessages(Lsun/rmi/transport/Connection;Z)V+145 java.rmi@17.0.8
j  sun.rmi.transport.tcp.TCPTransport$ConnectionHandler.run0()V+522 java.rmi@17.0.8
j  sun.rmi.transport.tcp.TCPTransport$ConnectionHandler.lambda$run$0()Ljava/lang/Void;+1 java.rmi@17.0.8
j  sun.rmi.transport.tcp.TCPTransport$ConnectionHandler$$Lambda$65+0x000000010014c3c8.run()Ljava/lang/Object;+4 java.rmi@17.0.8
J 705 c1 java.security.AccessController.executePrivileged(Ljava/security/PrivilegedAction;Ljava/security/AccessControlContext;Ljava/lang/Class;)Ljava/lang/Object; java.base@17.0.8 (65 bytes) @ 0x00000212cd21ebb4 [0x00000212cd21ea60+0x0000000000000154]
j  java.security.AccessController.doPrivileged(Ljava/security/PrivilegedAction;Ljava/security/AccessControlContext;)Ljava/lang/Object;+13 java.base@17.0.8
j  sun.rmi.transport.tcp.TCPTransport$ConnectionHandler.run()V+37 java.rmi@17.0.8
j  java.util.concurrent.ThreadPoolExecutor.runWorker(Ljava/util/concurrent/ThreadPoolExecutor$Worker;)V+92 java.base@17.0.8
j  java.util.concurrent.ThreadPoolExecutor$Worker.run()V+5 java.base@17.0.8
j  java.lang.Thread.run()V+11 java.base@17.0.8
v  ~StubRoutines::call_stub

---------------  P R O C E S S  ---------------

Threads class SMR info:
_java_thread_list=0x00000212e3cd6850, length=22, elements={
0x00000212c816adf0, 0x00000212e391fd30, 0x00000212e39549f0, 0x00000212e395e040,
0x00000212e395e910, 0x00000212e3bdc400, 0x00000212e3bdd2e0, 0x00000212e3be13e0,
0x00000212e3be4110, 0x00000212e3be4a20, 0x00000212e3d9fd60, 0x00000212e3da0640,
0x00000212e80c8e80, 0x00000212e3ed1690, 0x00000212e3ed1b70, 0x00000212e3ed2050,
0x00000212e8238d10, 0x00000212e82391f0, 0x00000212e823bf50, 0x00000212e823c460,
0x00000212e823ba40, 0x00000212e823ddb0
}

Java Threads: ( => current thread )
  0x00000212c816adf0 JavaThread "main" [_thread_blocked, id=9716, stack(0x00000098b9e00000,0x00000098b9f00000)]
  0x00000212e391fd30 JavaThread "Reference Handler" daemon [_thread_blocked, id=9888, stack(0x00000098ba500000,0x00000098ba600000)]
  0x00000212e39549f0 JavaThread "Finalizer" daemon [_thread_blocked, id=5780, stack(0x00000098ba600000,0x00000098ba700000)]
  0x00000212e395e040 JavaThread "Signal Dispatcher" daemon [_thread_blocked, id=13180, stack(0x00000098ba700000,0x00000098ba800000)]
  0x00000212e395e910 JavaThread "Attach Listener" daemon [_thread_blocked, id=14624, stack(0x00000098ba800000,0x00000098ba900000)]
  0x00000212e3bdc400 JavaThread "Service Thread" daemon [_thread_blocked, id=1824, stack(0x00000098ba900000,0x00000098baa00000)]
  0x00000212e3bdd2e0 JavaThread "Monitor Deflation Thread" daemon [_thread_blocked, id=10112, stack(0x00000098baa00000,0x00000098bab00000)]
  0x00000212e3be13e0 JavaThread "C2 CompilerThread0" daemon [_thread_blocked, id=11428, stack(0x00000098bab00000,0x00000098bac00000)]
  0x00000212e3be4110 JavaThread "C1 CompilerThread0" daemon [_thread_blocked, id=7952, stack(0x00000098bac00000,0x00000098bad00000)]
  0x00000212e3be4a20 JavaThread "Sweeper thread" daemon [_thread_blocked, id=3224, stack(0x00000098bad00000,0x00000098bae00000)]
  0x00000212e3d9fd60 JavaThread "Common-Cleaner" daemon [_thread_blocked, id=5320, stack(0x00000098bae00000,0x00000098baf00000)]
  0x00000212e3da0640 JavaThread "Notification Thread" daemon [_thread_blocked, id=12932, stack(0x00000098baf00000,0x00000098bb000000)]
  0x00000212e80c8e80 JavaThread "RMI TCP Accept-47599" daemon [_thread_in_native, id=2904, stack(0x00000098bb100000,0x00000098bb200000)]
  0x00000212e3ed1690 JavaThread "RMI TCP Accept-0" daemon [_thread_in_native, id=11808, stack(0x00000098bb200000,0x00000098bb300000)]
  0x00000212e3ed1b70 JavaThread "RMI Reaper" [_thread_blocked, id=14908, stack(0x00000098bb300000,0x00000098bb400000)]
  0x00000212e3ed2050 JavaThread "RMI GC Daemon" daemon [_thread_blocked, id=14808, stack(0x00000098bb400000,0x00000098bb500000)]
  0x00000212e8238d10 JavaThread "RMI TCP Connection(1)-127.0.0.1" daemon [_thread_in_native, id=2552, stack(0x00000098bb500000,0x00000098bb600000)]
  0x00000212e82391f0 JavaThread "RMI TCP Connection(2)-127.0.0.1" daemon [_thread_in_native, id=12692, stack(0x00000098bb600000,0x00000098bb700000)]
  0x00000212e823bf50 JavaThread "RMI TCP Connection(3)-127.0.0.1" daemon [_thread_in_native, id=11184, stack(0x00000098bb700000,0x00000098bb800000)]
=>0x00000212e823c460 JavaThread "RMI TCP Connection(4)-127.0.0.1" daemon [_thread_in_vm, id=3276, stack(0x00000098bb800000,0x00000098bb900000)]
  0x00000212e823ba40 JavaThread "RMI Scheduler(0)" daemon [_thread_blocked, id=10604, stack(0x00000098bb900000,0x00000098bba00000)]
  0x00000212e823ddb0 JavaThread "RMI RenewClean-[127.0.0.1:55664]" daemon [_thread_blocked, id=340, stack(0x00000098bba00000,0x00000098bbb00000)]

Other Threads:
  0x00000212e39170e0 VMThread "VM Thread" [stack: 0x00000098ba400000,0x00000098ba500000] [id=9420]
  0x00000212c81e1860 WatcherThread [stack: 0x00000098bb000000,0x00000098bb100000] [id=15780]
  0x00000212c81c70d0 GCTaskThread "GC Thread#0" [stack: 0x00000098b9f00000,0x00000098ba000000] [id=7732]
  0x00000212e82b0960 GCTaskThread "GC Thread#1" [stack: 0x00000098bbb00000,0x00000098bbc00000] [id=4812]
  0x00000212e82b0c20 GCTaskThread "GC Thread#2" [stack: 0x00000098bbc00000,0x00000098bbd00000] [id=8976]
  0x00000212e82f7c50 GCTaskThread "GC Thread#3" [stack: 0x00000098bbd00000,0x00000098bbe00000] [id=16280]
  0x00000212c81d7f30 ConcurrentGCThread "G1 Main Marker" [stack: 0x00000098ba000000,0x00000098ba100000] [id=13580]
  0x00000212c81d8ff0 ConcurrentGCThread "G1 Conc#0" [stack: 0x00000098ba100000,0x00000098ba200000] [id=1452]
  0x00000212c822e760 ConcurrentGCThread "G1 Refine#0" [stack: 0x00000098ba200000,0x00000098ba300000] [id=5424]
  0x00000212e3fb9a50 ConcurrentGCThread "G1 Refine#1" [stack: 0x00000098bbe00000,0x00000098bbf00000] [id=3320]
  0x00000212e3784220 ConcurrentGCThread "G1 Service" [stack: 0x00000098ba300000,0x00000098ba400000] [id=8252]

Threads with active compile tasks:

VM state: not at safepoint (normal execution)

VM Mutex/Monitor currently owned by a thread:  ([mutex/lock_event])
[0x00000212c8162e40] Metaspace_lock - owner thread: 0x00000212e823c460

Heap address: 0x0000000080000000, size: 2048 MB, Compressed Oops mode: 32-bit

CDS archive(s) not mapped
Compressed class space mapped at: 0x0000000100000000-0x0000000140000000, reserved size: 1073741824
Narrow klass base: 0x0000000000000000, Narrow klass shift: 3, Narrow klass range: 0x140000000

GC Precious Log:
 CPUs: 4 total, 4 available
 Memory: 8073M
 Large Page Support: Disabled
 NUMA Support: Disabled
 Compressed Oops: Enabled (32-bit)
 Heap Region Size: 1M
 Heap Min Capacity: 128M
 Heap Initial Capacity: 128M
 Heap Max Capacity: 2G
 Pre-touch: Disabled
 Parallel Workers: 4
 Concurrent Workers: 1
 Concurrent Refinement Workers: 4
 Periodic GC: Disabled

Heap:
 garbage-first heap   total 131072K, used 9521K [0x0000000080000000, 0x0000000100000000)
  region size 1024K, 6 young (6144K), 2 survivors (2048K)
 Metaspace       used 15492K, committed 15808K, reserved 1114112K
  class space    used 1607K, committed 1792K, reserved 1048576K

Heap Regions: E=young(eden), S=young(survivor), O=old, HS=humongous(starts), HC=humongous(continues), CS=collection set, F=free, OA=open archive, CA=closed archive, TAMS=top-at-mark-start (previous, next)
|   0|0x0000000080000000, 0x0000000080100000, 0x0000000080100000|100%|HS|  |TAMS 0x0000000080000000, 0x0000000080000000| Complete 
|   1|0x0000000080100000, 0x0000000080200000, 0x0000000080200000|100%|HC|  |TAMS 0x0000000080100000, 0x0000000080100000| Complete 
|   2|0x0000000080200000, 0x0000000080300000, 0x0000000080300000|100%|HC|  |TAMS 0x0000000080200000, 0x0000000080200000| Complete 
|   3|0x0000000080300000, 0x0000000080400000, 0x0000000080400000|100%|HS|  |TAMS 0x0000000080300000, 0x0000000080300000| Complete 
|   4|0x0000000080400000, 0x0000000080500000, 0x0000000080500000|100%| O|  |TAMS 0x0000000080400000, 0x0000000080400000| Untracked 
|   5|0x0000000080500000, 0x000000008054c600, 0x0000000080600000| 29%| O|  |TAMS 0x0000000080500000, 0x0000000080500000| Untracked 
|   6|0x0000000080600000, 0x0000000080600000, 0x0000000080700000|  0%| F|  |TAMS 0x0000000080600000, 0x0000000080600000| Untracked 
|   7|0x0000000080700000, 0x0000000080700000, 0x0000000080800000|  0%| F|  |TAMS 0x0000000080700000, 0x0000000080700000| Untracked 
|   8|0x0000000080800000, 0x0000000080800000, 0x0000000080900000|  0%| F|  |TAMS 0x0000000080800000, 0x0000000080800000| Untracked 
|   9|0x0000000080900000, 0x0000000080900000, 0x0000000080a00000|  0%| F|  |TAMS 0x0000000080900000, 0x0000000080900000| Untracked 
|  10|0x0000000080a00000, 0x0000000080a00000, 0x0000000080b00000|  0%| F|  |TAMS 0x0000000080a00000, 0x0000000080a00000| Untracked 
|  11|0x0000000080b00000, 0x0000000080b00000, 0x0000000080c00000|  0%| F|  |TAMS 0x0000000080b00000, 0x0000000080b00000| Untracked 
|  12|0x0000000080c00000, 0x0000000080c00000, 0x0000000080d00000|  0%| F|  |TAMS 0x0000000080c00000, 0x0000000080c00000| Untracked 
|  13|0x0000000080d00000, 0x0000000080d00000, 0x0000000080e00000|  0%| F|  |TAMS 0x0000000080d00000, 0x0000000080d00000| Untracked 
|  14|0x0000000080e00000, 0x0000000080e00000, 0x0000000080f00000|  0%| F|  |TAMS 0x0000000080e00000, 0x0000000080e00000| Untracked 
|  15|0x0000000080f00000, 0x0000000080f00000, 0x0000000081000000|  0%| F|  |TAMS 0x0000000080f00000, 0x0000000080f00000| Untracked 
|  16|0x0000000081000000, 0x0000000081000000, 0x0000000081100000|  0%| F|  |TAMS 0x0000000081000000, 0x0000000081000000| Untracked 
|  17|0x0000000081100000, 0x0000000081100000, 0x0000000081200000|  0%| F|  |TAMS 0x0000000081100000, 0x0000000081100000| Untracked 
|  18|0x0000000081200000, 0x0000000081200000, 0x0000000081300000|  0%| F|  |TAMS 0x0000000081200000, 0x0000000081200000| Untracked 
|  19|0x0000000081300000, 0x0000000081300000, 0x0000000081400000|  0%| F|  |TAMS 0x0000000081300000, 0x0000000081300000| Untracked 
|  20|0x0000000081400000, 0x0000000081400000, 0x0000000081500000|  0%| F|  |TAMS 0x0000000081400000, 0x0000000081400000| Untracked 
|  21|0x0000000081500000, 0x0000000081500000, 0x0000000081600000|  0%| F|  |TAMS 0x0000000081500000, 0x0000000081500000| Untracked 
|  22|0x0000000081600000, 0x0000000081600000, 0x0000000081700000|  0%| F|  |TAMS 0x0000000081600000, 0x0000000081600000| Untracked 
|  23|0x0000000081700000, 0x0000000081700000, 0x0000000081800000|  0%| F|  |TAMS 0x0000000081700000, 0x0000000081700000| Untracked 
|  24|0x0000000081800000, 0x0000000081800000, 0x0000000081900000|  0%| F|  |TAMS 0x0000000081800000, 0x0000000081800000| Untracked 
|  25|0x0000000081900000, 0x0000000081900000, 0x0000000081a00000|  0%| F|  |TAMS 0x0000000081900000, 0x0000000081900000| Untracked 
|  26|0x0000000081a00000, 0x0000000081a00000, 0x0000000081b00000|  0%| F|  |TAMS 0x0000000081a00000, 0x0000000081a00000| Untracked 
|  27|0x0000000081b00000, 0x0000000081b00000, 0x0000000081c00000|  0%| F|  |TAMS 0x0000000081b00000, 0x0000000081b00000| Untracked 
|  28|0x0000000081c00000, 0x0000000081c00000, 0x0000000081d00000|  0%| F|  |TAMS 0x0000000081c00000, 0x0000000081c00000| Untracked 
|  29|0x0000000081d00000, 0x0000000081d00000, 0x0000000081e00000|  0%| F|  |TAMS 0x0000000081d00000, 0x0000000081d00000| Untracked 
|  30|0x0000000081e00000, 0x0000000081e00000, 0x0000000081f00000|  0%| F|  |TAMS 0x0000000081e00000, 0x0000000081e00000| Untracked 
|  31|0x0000000081f00000, 0x0000000081f00000, 0x0000000082000000|  0%| F|  |TAMS 0x0000000081f00000, 0x0000000081f00000| Untracked 
|  32|0x0000000082000000, 0x0000000082000000, 0x0000000082100000|  0%| F|  |TAMS 0x0000000082000000, 0x0000000082000000| Untracked 
|  33|0x0000000082100000, 0x0000000082100000, 0x0000000082200000|  0%| F|  |TAMS 0x0000000082100000, 0x0000000082100000| Untracked 
|  34|0x0000000082200000, 0x0000000082200000, 0x0000000082300000|  0%| F|  |TAMS 0x0000000082200000, 0x0000000082200000| Untracked 
|  35|0x0000000082300000, 0x0000000082300000, 0x0000000082400000|  0%| F|  |TAMS 0x0000000082300000, 0x0000000082300000| Untracked 
|  36|0x0000000082400000, 0x0000000082400000, 0x0000000082500000|  0%| F|  |TAMS 0x0000000082400000, 0x0000000082400000| Untracked 
|  37|0x0000000082500000, 0x0000000082500000, 0x0000000082600000|  0%| F|  |TAMS 0x0000000082500000, 0x0000000082500000| Untracked 
|  38|0x0000000082600000, 0x0000000082600000, 0x0000000082700000|  0%| F|  |TAMS 0x0000000082600000, 0x0000000082600000| Untracked 
|  39|0x0000000082700000, 0x0000000082700000, 0x0000000082800000|  0%| F|  |TAMS 0x0000000082700000, 0x0000000082700000| Untracked 
|  40|0x0000000082800000, 0x0000000082800000, 0x0000000082900000|  0%| F|  |TAMS 0x0000000082800000, 0x0000000082800000| Untracked 
|  41|0x0000000082900000, 0x0000000082900000, 0x0000000082a00000|  0%| F|  |TAMS 0x0000000082900000, 0x0000000082900000| Untracked 
|  42|0x0000000082a00000, 0x0000000082a00000, 0x0000000082b00000|  0%| F|  |TAMS 0x0000000082a00000, 0x0000000082a00000| Untracked 
|  43|0x0000000082b00000, 0x0000000082b00000, 0x0000000082c00000|  0%| F|  |TAMS 0x0000000082b00000, 0x0000000082b00000| Untracked 
|  44|0x0000000082c00000, 0x0000000082c00000, 0x0000000082d00000|  0%| F|  |TAMS 0x0000000082c00000, 0x0000000082c00000| Untracked 
|  45|0x0000000082d00000, 0x0000000082d00000, 0x0000000082e00000|  0%| F|  |TAMS 0x0000000082d00000, 0x0000000082d00000| Untracked 
|  46|0x0000000082e00000, 0x0000000082e00000, 0x0000000082f00000|  0%| F|  |TAMS 0x0000000082e00000, 0x0000000082e00000| Untracked 
|  47|0x0000000082f00000, 0x0000000082f00000, 0x0000000083000000|  0%| F|  |TAMS 0x0000000082f00000, 0x0000000082f00000| Untracked 
|  48|0x0000000083000000, 0x0000000083000000, 0x0000000083100000|  0%| F|  |TAMS 0x0000000083000000, 0x0000000083000000| Untracked 
|  49|0x0000000083100000, 0x0000000083100000, 0x0000000083200000|  0%| F|  |TAMS 0x0000000083100000, 0x0000000083100000| Untracked 
|  50|0x0000000083200000, 0x0000000083200000, 0x0000000083300000|  0%| F|  |TAMS 0x0000000083200000, 0x0000000083200000| Untracked 
|  51|0x0000000083300000, 0x0000000083300000, 0x0000000083400000|  0%| F|  |TAMS 0x0000000083300000, 0x0000000083300000| Untracked 
|  52|0x0000000083400000, 0x0000000083400000, 0x0000000083500000|  0%| F|  |TAMS 0x0000000083400000, 0x0000000083400000| Untracked 
|  53|0x0000000083500000, 0x0000000083500000, 0x0000000083600000|  0%| F|  |TAMS 0x0000000083500000, 0x0000000083500000| Untracked 
|  54|0x0000000083600000, 0x0000000083600000, 0x0000000083700000|  0%| F|  |TAMS 0x0000000083600000, 0x0000000083600000| Untracked 
|  55|0x0000000083700000, 0x0000000083700000, 0x0000000083800000|  0%| F|  |TAMS 0x0000000083700000, 0x0000000083700000| Untracked 
|  56|0x0000000083800000, 0x0000000083800000, 0x0000000083900000|  0%| F|  |TAMS 0x0000000083800000, 0x0000000083800000| Untracked 
|  57|0x0000000083900000, 0x0000000083900000, 0x0000000083a00000|  0%| F|  |TAMS 0x0000000083900000, 0x0000000083900000| Untracked 
|  58|0x0000000083a00000, 0x0000000083a00000, 0x0000000083b00000|  0%| F|  |TAMS 0x0000000083a00000, 0x0000000083a00000| Untracked 
|  59|0x0000000083b00000, 0x0000000083b00000, 0x0000000083c00000|  0%| F|  |TAMS 0x0000000083b00000, 0x0000000083b00000| Untracked 
|  60|0x0000000083c00000, 0x0000000083c00000, 0x0000000083d00000|  0%| F|  |TAMS 0x0000000083c00000, 0x0000000083c00000| Untracked 
|  61|0x0000000083d00000, 0x0000000083d00000, 0x0000000083e00000|  0%| F|  |TAMS 0x0000000083d00000, 0x0000000083d00000| Untracked 
|  62|0x0000000083e00000, 0x0000000083e00000, 0x0000000083f00000|  0%| F|  |TAMS 0x0000000083e00000, 0x0000000083e00000| Untracked 
|  63|0x0000000083f00000, 0x0000000083f00000, 0x0000000084000000|  0%| F|  |TAMS 0x0000000083f00000, 0x0000000083f00000| Untracked 
|  64|0x0000000084000000, 0x0000000084000000, 0x0000000084100000|  0%| F|  |TAMS 0x0000000084000000, 0x0000000084000000| Untracked 
|  65|0x0000000084100000, 0x0000000084100000, 0x0000000084200000|  0%| F|  |TAMS 0x0000000084100000, 0x0000000084100000| Untracked 
|  66|0x0000000084200000, 0x0000000084200000, 0x0000000084300000|  0%| F|  |TAMS 0x0000000084200000, 0x0000000084200000| Untracked 
|  67|0x0000000084300000, 0x0000000084300000, 0x0000000084400000|  0%| F|  |TAMS 0x0000000084300000, 0x0000000084300000| Untracked 
|  68|0x0000000084400000, 0x0000000084400000, 0x0000000084500000|  0%| F|  |TAMS 0x0000000084400000, 0x0000000084400000| Untracked 
|  69|0x0000000084500000, 0x0000000084500000, 0x0000000084600000|  0%| F|  |TAMS 0x0000000084500000, 0x0000000084500000| Untracked 
|  70|0x0000000084600000, 0x0000000084600000, 0x0000000084700000|  0%| F|  |TAMS 0x0000000084600000, 0x0000000084600000| Untracked 
|  71|0x0000000084700000, 0x0000000084700000, 0x0000000084800000|  0%| F|  |TAMS 0x0000000084700000, 0x0000000084700000| Untracked 
|  72|0x0000000084800000, 0x0000000084800000, 0x0000000084900000|  0%| F|  |TAMS 0x0000000084800000, 0x0000000084800000| Untracked 
|  73|0x0000000084900000, 0x0000000084900000, 0x0000000084a00000|  0%| F|  |TAMS 0x0000000084900000, 0x0000000084900000| Untracked 
|  74|0x0000000084a00000, 0x0000000084a00000, 0x0000000084b00000|  0%| F|  |TAMS 0x0000000084a00000, 0x0000000084a00000| Untracked 
|  75|0x0000000084b00000, 0x0000000084b00000, 0x0000000084c00000|  0%| F|  |TAMS 0x0000000084b00000, 0x0000000084b00000| Untracked 
|  76|0x0000000084c00000, 0x0000000084c00000, 0x0000000084d00000|  0%| F|  |TAMS 0x0000000084c00000, 0x0000000084c00000| Untracked 
|  77|0x0000000084d00000, 0x0000000084d00000, 0x0000000084e00000|  0%| F|  |TAMS 0x0000000084d00000, 0x0000000084d00000| Untracked 
|  78|0x0000000084e00000, 0x0000000084e00000, 0x0000000084f00000|  0%| F|  |TAMS 0x0000000084e00000, 0x0000000084e00000| Untracked 
|  79|0x0000000084f00000, 0x0000000084f00000, 0x0000000085000000|  0%| F|  |TAMS 0x0000000084f00000, 0x0000000084f00000| Untracked 
|  80|0x0000000085000000, 0x0000000085000000, 0x0000000085100000|  0%| F|  |TAMS 0x0000000085000000, 0x0000000085000000| Untracked 
|  81|0x0000000085100000, 0x0000000085100000, 0x0000000085200000|  0%| F|  |TAMS 0x0000000085100000, 0x0000000085100000| Untracked 
|  82|0x0000000085200000, 0x0000000085200000, 0x0000000085300000|  0%| F|  |TAMS 0x0000000085200000, 0x0000000085200000| Untracked 
|  83|0x0000000085300000, 0x0000000085300000, 0x0000000085400000|  0%| F|  |TAMS 0x0000000085300000, 0x0000000085300000| Untracked 
|  84|0x0000000085400000, 0x0000000085400000, 0x0000000085500000|  0%| F|  |TAMS 0x0000000085400000, 0x0000000085400000| Untracked 
|  85|0x0000000085500000, 0x0000000085500000, 0x0000000085600000|  0%| F|  |TAMS 0x0000000085500000, 0x0000000085500000| Untracked 
|  86|0x0000000085600000, 0x0000000085600000, 0x0000000085700000|  0%| F|  |TAMS 0x0000000085600000, 0x0000000085600000| Untracked 
|  87|0x0000000085700000, 0x0000000085700000, 0x0000000085800000|  0%| F|  |TAMS 0x0000000085700000, 0x0000000085700000| Untracked 
|  88|0x0000000085800000, 0x0000000085800000, 0x0000000085900000|  0%| F|  |TAMS 0x0000000085800000, 0x0000000085800000| Untracked 
|  89|0x0000000085900000, 0x0000000085900000, 0x0000000085a00000|  0%| F|  |TAMS 0x0000000085900000, 0x0000000085900000| Untracked 
|  90|0x0000000085a00000, 0x0000000085a00000, 0x0000000085b00000|  0%| F|  |TAMS 0x0000000085a00000, 0x0000000085a00000| Untracked 
|  91|0x0000000085b00000, 0x0000000085b00000, 0x0000000085c00000|  0%| F|  |TAMS 0x0000000085b00000, 0x0000000085b00000| Untracked 
|  92|0x0000000085c00000, 0x0000000085c00000, 0x0000000085d00000|  0%| F|  |TAMS 0x0000000085c00000, 0x0000000085c00000| Untracked 
|  93|0x0000000085d00000, 0x0000000085d00000, 0x0000000085e00000|  0%| F|  |TAMS 0x0000000085d00000, 0x0000000085d00000| Untracked 
|  94|0x0000000085e00000, 0x0000000085e00000, 0x0000000085f00000|  0%| F|  |TAMS 0x0000000085e00000, 0x0000000085e00000| Untracked 
|  95|0x0000000085f00000, 0x0000000085f00000, 0x0000000086000000|  0%| F|  |TAMS 0x0000000085f00000, 0x0000000085f00000| Untracked 
|  96|0x0000000086000000, 0x0000000086000000, 0x0000000086100000|  0%| F|  |TAMS 0x0000000086000000, 0x0000000086000000| Untracked 
|  97|0x0000000086100000, 0x0000000086100000, 0x0000000086200000|  0%| F|  |TAMS 0x0000000086100000, 0x0000000086100000| Untracked 
|  98|0x0000000086200000, 0x0000000086200000, 0x0000000086300000|  0%| F|  |TAMS 0x0000000086200000, 0x0000000086200000| Untracked 
|  99|0x0000000086300000, 0x0000000086300000, 0x0000000086400000|  0%| F|  |TAMS 0x0000000086300000, 0x0000000086300000| Untracked 
| 100|0x0000000086400000, 0x0000000086400000, 0x0000000086500000|  0%| F|  |TAMS 0x0000000086400000, 0x0000000086400000| Untracked 
| 101|0x0000000086500000, 0x0000000086500000, 0x0000000086600000|  0%| F|  |TAMS 0x0000000086500000, 0x0000000086500000| Untracked 
| 102|0x0000000086600000, 0x0000000086600000, 0x0000000086700000|  0%| F|  |TAMS 0x0000000086600000, 0x0000000086600000| Untracked 
| 103|0x0000000086700000, 0x0000000086700000, 0x0000000086800000|  0%| F|  |TAMS 0x0000000086700000, 0x0000000086700000| Untracked 
| 104|0x0000000086800000, 0x0000000086800000, 0x0000000086900000|  0%| F|  |TAMS 0x0000000086800000, 0x0000000086800000| Untracked 
| 105|0x0000000086900000, 0x0000000086900000, 0x0000000086a00000|  0%| F|  |TAMS 0x0000000086900000, 0x0000000086900000| Untracked 
| 106|0x0000000086a00000, 0x0000000086a00000, 0x0000000086b00000|  0%| F|  |TAMS 0x0000000086a00000, 0x0000000086a00000| Untracked 
| 107|0x0000000086b00000, 0x0000000086b00000, 0x0000000086c00000|  0%| F|  |TAMS 0x0000000086b00000, 0x0000000086b00000| Untracked 
| 108|0x0000000086c00000, 0x0000000086c00000, 0x0000000086d00000|  0%| F|  |TAMS 0x0000000086c00000, 0x0000000086c00000| Untracked 
| 109|0x0000000086d00000, 0x0000000086d00000, 0x0000000086e00000|  0%| F|  |TAMS 0x0000000086d00000, 0x0000000086d00000| Untracked 
| 110|0x0000000086e00000, 0x0000000086e00000, 0x0000000086f00000|  0%| F|  |TAMS 0x0000000086e00000, 0x0000000086e00000| Untracked 
| 111|0x0000000086f00000, 0x0000000086f00000, 0x0000000087000000|  0%| F|  |TAMS 0x0000000086f00000, 0x0000000086f00000| Untracked 
| 112|0x0000000087000000, 0x0000000087000000, 0x0000000087100000|  0%| F|  |TAMS 0x0000000087000000, 0x0000000087000000| Untracked 
| 113|0x0000000087100000, 0x0000000087200000, 0x0000000087200000|100%| S|CS|TAMS 0x0000000087100000, 0x0000000087100000| Complete 
| 114|0x0000000087200000, 0x0000000087300000, 0x0000000087300000|100%| S|CS|TAMS 0x0000000087200000, 0x0000000087200000| Complete 
| 115|0x0000000087300000, 0x0000000087300000, 0x0000000087400000|  0%| F|  |TAMS 0x0000000087300000, 0x0000000087300000| Untracked 
| 116|0x0000000087400000, 0x0000000087400000, 0x0000000087500000|  0%| F|  |TAMS 0x0000000087400000, 0x0000000087400000| Untracked 
| 117|0x0000000087500000, 0x0000000087500000, 0x0000000087600000|  0%| F|  |TAMS 0x0000000087500000, 0x0000000087500000| Untracked 
| 118|0x0000000087600000, 0x0000000087600000, 0x0000000087700000|  0%| F|  |TAMS 0x0000000087600000, 0x0000000087600000| Untracked 
| 119|0x0000000087700000, 0x0000000087700000, 0x0000000087800000|  0%| F|  |TAMS 0x0000000087700000, 0x0000000087700000| Untracked 
| 120|0x0000000087800000, 0x0000000087800000, 0x0000000087900000|  0%| F|  |TAMS 0x0000000087800000, 0x0000000087800000| Untracked 
| 121|0x0000000087900000, 0x0000000087900000, 0x0000000087a00000|  0%| F|  |TAMS 0x0000000087900000, 0x0000000087900000| Untracked 
| 122|0x0000000087a00000, 0x0000000087a00000, 0x0000000087b00000|  0%| F|  |TAMS 0x0000000087a00000, 0x0000000087a00000| Untracked 
| 123|0x0000000087b00000, 0x0000000087b00000, 0x0000000087c00000|  0%| F|  |TAMS 0x0000000087b00000, 0x0000000087b00000| Untracked 
| 124|0x0000000087c00000, 0x0000000087c44ad0, 0x0000000087d00000| 26%| E|  |TAMS 0x0000000087c00000, 0x0000000087c00000| Complete 
| 125|0x0000000087d00000, 0x0000000087e00000, 0x0000000087e00000|100%| E|  |TAMS 0x0000000087d00000, 0x0000000087d00000| Complete 
| 126|0x0000000087e00000, 0x0000000087f00000, 0x0000000087f00000|100%| E|CS|TAMS 0x0000000087e00000, 0x0000000087e00000| Complete 
| 127|0x0000000087f00000, 0x0000000088000000, 0x0000000088000000|100%| E|CS|TAMS 0x0000000087f00000, 0x0000000087f00000| Complete 

Card table byte_map: [0x00000212dcb20000,0x00000212dcf20000] _byte_map_base: 0x00000212dc720000

Marking Bits (Prev, Next): (CMBitMap*) 0x00000212c81c7600, (CMBitMap*) 0x00000212c81c7640
 Prev Bits: [0x00000212dd320000, 0x00000212df320000)
 Next Bits: [0x00000212df320000, 0x00000212e1320000)

Polling page: 0x00000212c7fe0000

Metaspace:

Usage:
  Non-class:     13.56 MB used.
      Class:      1.57 MB used.
       Both:     15.13 MB used.

Virtual space:
  Non-class space:       64.00 MB reserved,      13.69 MB ( 21%) committed,  1 nodes.
      Class space:        1.00 GB reserved,       1.75 MB ( <1%) committed,  1 nodes.
             Both:        1.06 GB reserved,      15.44 MB (  1%) committed. 

Chunk freelists:
   Non-Class:  1.55 MB
       Class:  14.12 MB
        Both:  15.67 MB

MaxMetaspaceSize: unlimited
CompressedClassSpaceSize: 1.00 GB
Initial GC threshold: 21.00 MB
Current GC threshold: 21.00 MB
CDS: off
MetaspaceReclaimPolicy: balanced
 - commit_granule_bytes: 65536.
 - commit_granule_words: 8192.
 - virtual_space_node_default_size: 8388608.
 - enlarge_chunks_in_place: 1.
 - new_chunks_are_fully_committed: 0.
 - uncommit_free_chunks: 1.
 - use_allocation_guard: 0.
 - handle_deallocations: 1.


Internal statistics:

num_allocs_failed_limit: 0.
num_arena_births: 252.
num_arena_deaths: 0.
num_vsnodes_births: 2.
num_vsnodes_deaths: 0.
num_space_committed: 247.
num_space_uncommitted: 0.
num_chunks_returned_to_freelist: 0.
num_chunks_taken_from_freelist: 464.
num_chunk_merges: 0.
num_chunk_splits: 286.
num_chunks_enlarged: 150.
num_inconsistent_stats: 0.

CodeHeap 'non-profiled nmethods': size=120000Kb used=314Kb max_used=314Kb free=119686Kb
 bounds [0x00000212d4bd0000, 0x00000212d4e40000, 0x00000212dc100000]
CodeHeap 'profiled nmethods': size=120000Kb used=1761Kb max_used=1761Kb free=118238Kb
 bounds [0x00000212cd100000, 0x00000212cd370000, 0x00000212d4630000]
CodeHeap 'non-nmethods': size=5760Kb used=1165Kb max_used=1181Kb free=4594Kb
 bounds [0x00000212d4630000, 0x00000212d48a0000, 0x00000212d4bd0000]
 total_blobs=1499 nmethods=1039 adapters=373
 compilation: enabled
              stopped_count=0, restarted_count=0
 full_count=0

Compilation events (20 events):
Event: 0.936 Thread 0x00000212e3be4110 nmethod 1028 0x00000212cd2b2010 code [0x00000212cd2b21e0, 0x00000212cd2b2518]
Event: 0.936 Thread 0x00000212e3be4110 1029       3       java.lang.ThreadLocal$ThreadLocalMap::getEntry (42 bytes)
Event: 0.937 Thread 0x00000212e3be4110 nmethod 1029 0x00000212cd2b2690 code [0x00000212cd2b2860, 0x00000212cd2b2c38]
Event: 0.937 Thread 0x00000212e3be4110 1030       3       jdk.internal.access.SharedSecrets::getJavaLangAccess (4 bytes)
Event: 0.937 Thread 0x00000212e3be4110 nmethod 1030 0x00000212cd2b2e10 code [0x00000212cd2b2fa0, 0x00000212cd2b3098]
Event: 0.938 Thread 0x00000212e3be4110 1031       3       java.lang.invoke.DirectMethodHandle::make (275 bytes)
Event: 0.940 Thread 0x00000212e3be4110 nmethod 1031 0x00000212cd2b3110 code [0x00000212cd2b34a0, 0x00000212cd2b4938]
Event: 0.941 Thread 0x00000212e3be13e0 nmethod 1021 0x00000212d4c1cf10 code [0x00000212d4c1d0c0, 0x00000212d4c1d788]
Event: 0.942 Thread 0x00000212e3be13e0 1033       4       java.lang.AbstractStringBuilder::putStringAt (12 bytes)
Event: 0.944 Thread 0x00000212e3be13e0 nmethod 1033 0x00000212d4c1db10 code [0x00000212d4c1dca0, 0x00000212d4c1de58]
Event: 0.944 Thread 0x00000212e3be13e0 1034       4       java.lang.AbstractStringBuilder::putStringAt (34 bytes)
Event: 0.946 Thread 0x00000212e3be13e0 nmethod 1034 0x00000212d4c1e010 code [0x00000212d4c1e1a0, 0x00000212d4c1e378]
Event: 0.947 Thread 0x00000212e3be4110 1035       3       jdk.internal.misc.Unsafe::checkPrimitivePointer (19 bytes)
Event: 0.948 Thread 0x00000212e3be4110 nmethod 1035 0x00000212cd2b5190 code [0x00000212cd2b53a0, 0x00000212cd2b59a8]
Event: 0.948 Thread 0x00000212e3be4110 1036       3       jdk.internal.misc.Unsafe::checkPointer (19 bytes)
Event: 0.948 Thread 0x00000212e3be4110 nmethod 1036 0x00000212cd2b5c10 code [0x00000212cd2b5de0, 0x00000212cd2b6188]
Event: 0.950 Thread 0x00000212e3be4110 1037       3       sun.nio.fs.WindowsPathParser::nextNonSlash (24 bytes)
Event: 0.951 Thread 0x00000212e3be4110 nmethod 1037 0x00000212cd2b6310 code [0x00000212cd2b6520, 0x00000212cd2b6c78]
Event: 0.951 Thread 0x00000212e3be4110 1038       3       java.lang.AbstractStringBuilder::appendChars (207 bytes)
Event: 0.952 Thread 0x00000212e3be4110 nmethod 1038 0x00000212cd2b6f90 code [0x00000212cd2b7240, 0x00000212cd2b81c8]

GC Heap History (2 events):
Event: 0.835 GC heap before
{Heap before GC invocations=0 (full 0):
 garbage-first heap   total 131072K, used 16384K [0x0000000080000000, 0x0000000100000000)
  region size 1024K, 13 young (13312K), 0 survivors (0K)
 Metaspace       used 14121K, committed 14400K, reserved 1114112K
  class space    used 1458K, committed 1600K, reserved 1048576K
}
Event: 0.847 GC heap after
{Heap after GC invocations=1 (full 0):
 garbage-first heap   total 131072K, used 7473K [0x0000000080000000, 0x0000000100000000)
  region size 1024K, 2 young (2048K), 2 survivors (2048K)
 Metaspace       used 14121K, committed 14400K, reserved 1114112K
  class space    used 1458K, committed 1600K, reserved 1048576K
}

Dll operation events (1 events):
Event: 0.008 Loaded shared library C:\Program Files\JetBrains\IntelliJ IDEA 2023.2.1\jbr\bin\java.dll

Deoptimization events (12 events):
Event: 0.249 Thread 0x00000212c816adf0 Uncommon trap: trap_request=0xffffff45 fr.pc=0x00000212d4bd7530 relative=0x00000000000005f0
Event: 0.249 Thread 0x00000212c816adf0 Uncommon trap: reason=unstable_if action=reinterpret pc=0x00000212d4bd7530 method=java.util.zip.ZipFile$Source.checkAndAddEntry(II)I @ 50 c2
Event: 0.249 Thread 0x00000212c816adf0 DEOPT PACKING pc=0x00000212d4bd7530 sp=0x00000098b9efd9b0
Event: 0.249 Thread 0x00000212c816adf0 DEOPT UNPACKING pc=0x00000212d46869a3 sp=0x00000098b9efd920 mode 2
Event: 0.527 Thread 0x00000212c816adf0 DEOPT PACKING pc=0x00000212cd118e67 sp=0x00000098b9efe3a0
Event: 0.527 Thread 0x00000212c816adf0 DEOPT UNPACKING pc=0x00000212d4687143 sp=0x00000098b9efd7c0 mode 0
Event: 0.552 Thread 0x00000212c816adf0 DEOPT PACKING pc=0x00000212cd115b51 sp=0x00000098b9efcec0
Event: 0.552 Thread 0x00000212c816adf0 DEOPT UNPACKING pc=0x00000212d4687143 sp=0x00000098b9efc338 mode 0
Event: 0.850 Thread 0x00000212e823c460 Uncommon trap: trap_request=0xffffff45 fr.pc=0x00000212d4bee9dc relative=0x000000000000015c
Event: 0.850 Thread 0x00000212e823c460 Uncommon trap: reason=unstable_if action=reinterpret pc=0x00000212d4bee9dc method=java.lang.StringCoding.hasNegatives([BII)Z @ 12 c2
Event: 0.850 Thread 0x00000212e823c460 DEOPT PACKING pc=0x00000212d4bee9dc sp=0x00000098bb8fcb60
Event: 0.850 Thread 0x00000212e823c460 DEOPT UNPACKING pc=0x00000212d46869a3 sp=0x00000098bb8fcb08 mode 2

Classes unloaded (0 events):
No events

Classes redefined (0 events):
No events

Internal exceptions (20 events):
Event: 0.322 Thread 0x00000212c816adf0 Exception <a 'java/lang/NoSuchMethodError'{0x0000000087c9bd60}: 'void java.lang.invoke.DirectMethodHandle$Holder.invokeStaticInit(java.lang.Object, java.lang.Object)'> (0x0000000087c9bd60) 
thrown [s\src\hotspot\share\interpreter\linkResolver.cpp, line 771]
Event: 0.350 Thread 0x00000212c816adf0 Exception <a 'java/lang/NoSuchMethodError'{0x0000000087cae9b8}: 'java.lang.Object java.lang.invoke.DirectMethodHandle$Holder.invokeStaticInit(java.lang.Object)'> (0x0000000087cae9b8) 
thrown [s\src\hotspot\share\interpreter\linkResolver.cpp, line 771]
Event: 0.400 Thread 0x00000212c816adf0 Exception <a 'java/lang/NoSuchMethodError'{0x0000000087b42ab8}: 'java.lang.Object java.lang.invoke.DirectMethodHandle$Holder.invokeStaticInit(java.lang.Object, int, int, int, int)'> (0x0000000087b42ab8) 
thrown [s\src\hotspot\share\interpreter\linkResolver.cpp, line 771]
Event: 0.471 Thread 0x00000212c816adf0 Exception <a 'java/lang/NoSuchMethodError'{0x0000000087bfd458}: 'java.lang.Object java.lang.invoke.DirectMethodHandle$Holder.invokeStaticInit(java.lang.Object, java.lang.Object, int, int, int, int)'> (0x0000000087bfd458) 
thrown [s\src\hotspot\share\interpreter\linkResolver.cpp, line 771]
Event: 0.574 Thread 0x00000212c816adf0 Exception <a 'java/lang/NoSuchMethodError'{0x0000000087852fa8}: 'java.lang.Object java.lang.invoke.Invokers$Holder.linkToTargetMethod(java.lang.Object, long, java.lang.Object)'> (0x0000000087852fa8) 
thrown [s\src\hotspot\share\interpreter\linkResolver.cpp, line 771]
Event: 0.634 Thread 0x00000212e823c460 Exception <a 'java/lang/NoSuchMethodError'{0x00000000877ea210}: static [B.<clinit>()V> (0x00000000877ea210) 
thrown [s\src\hotspot\share\prims\jni.cpp, line 1108]
Event: 0.634 Thread 0x00000212e823bf50 Exception <a 'java/lang/NoSuchMethodError'{0x00000000877aac08}: static [B.<clinit>()V> (0x00000000877aac08) 
thrown [s\src\hotspot\share\prims\jni.cpp, line 1108]
Event: 0.649 Thread 0x00000212e823c460 Exception <a 'java/lang/NoSuchMethodError'{0x000000008765af28}: static [Ljava/rmi/server/ObjID;.<clinit>()V> (0x000000008765af28) 
thrown [s\src\hotspot\share\prims\jni.cpp, line 1108]
Event: 0.651 Thread 0x00000212e823ddb0 Exception <a 'java/lang/InterruptedException'{0x0000000087685c38}> (0x0000000087685c38) 
thrown [s\src\hotspot\share\runtime\objectMonitor.cpp, line 1658]
Event: 0.652 Thread 0x00000212e823c460 Exception <a 'java/lang/NoSuchMethodError'{0x0000000087662910}: 'void java.lang.invoke.DirectMethodHandle$Holder.invokeSpecial(java.lang.Object, java.lang.Object, java.lang.Object)'> (0x0000000087662910) 
thrown [s\src\hotspot\share\interpreter\linkResolver.cpp, line 771]
Event: 0.652 Thread 0x00000212e823c460 Exception <a 'java/lang/NoSuchMethodError'{0x0000000087665e78}: 'void java.lang.invoke.Invokers$Holder.invoke_MT(java.lang.Object, java.lang.Object, java.lang.Object)'> (0x0000000087665e78) 
thrown [s\src\hotspot\share\interpreter\linkResolver.cpp, line 771]
Event: 0.652 Thread 0x00000212e823ddb0 Exception <a 'java/lang/NoSuchMethodError'{0x000000008768e3d8}: 'java.lang.Object java.lang.invoke.DirectMethodHandle$Holder.newInvokeSpecial(java.lang.Object, java.lang.Object, int, java.lang.Object, long)'> (0x000000008768e3d8) 
thrown [s\src\hotspot\share\interpreter\linkResolver.cpp, line 771]
Event: 0.939 Thread 0x00000212e823c460 Exception <a 'java/lang/NoSuchMethodError'{0x0000000087dd83b0}: 'int java.lang.invoke.DirectMethodHandle$Holder.invokeVirtual(java.lang.Object, java.lang.Object, java.lang.Object)'> (0x0000000087dd83b0) 
thrown [s\src\hotspot\share\interpreter\linkResolver.cpp, line 771]
Event: 0.943 Thread 0x00000212e823c460 Exception <a 'sun/nio/fs/WindowsException'{0x0000000087debb78}> (0x0000000087debb78) 
thrown [s\src\hotspot\share\prims\jni.cpp, line 517]
Event: 0.947 Thread 0x00000212e823c460 Exception <a 'sun/nio/fs/WindowsException'{0x0000000087c05a58}> (0x0000000087c05a58) 
thrown [s\src\hotspot\share\prims\jni.cpp, line 517]
Event: 0.947 Thread 0x00000212e823c460 Exception <a 'sun/nio/fs/WindowsException'{0x0000000087c05e48}> (0x0000000087c05e48) 
thrown [s\src\hotspot\share\prims\jni.cpp, line 517]
Event: 0.947 Thread 0x00000212e823c460 Exception <a 'sun/nio/fs/WindowsException'{0x0000000087c06f68}> (0x0000000087c06f68) 
thrown [s\src\hotspot\share\prims\jni.cpp, line 517]
Event: 0.948 Thread 0x00000212e823c460 Exception <a 'sun/nio/fs/WindowsException'{0x0000000087c07358}> (0x0000000087c07358) 
thrown [s\src\hotspot\share\prims\jni.cpp, line 517]
Event: 0.950 Thread 0x00000212e823c460 Exception <a 'sun/nio/fs/WindowsException'{0x0000000087c09260}> (0x0000000087c09260) 
thrown [s\src\hotspot\share\prims\jni.cpp, line 517]
Event: 0.951 Thread 0x00000212e823c460 Exception <a 'java/lang/NoSuchMethodError'{0x0000000087c0a650}: 'void java.lang.invoke.DirectMethodHandle$Holder.invokeStatic(java.lang.Object, java.lang.Object, java.lang.Object, java.lang.Object)'> (0x0000000087c0a650) 
thrown [s\src\hotspot\share\interpreter\linkResolver.cpp, line 771]

VM Operations (12 events):
Event: 0.207 Executing VM operation: HandshakeAllThreads
Event: 0.207 Executing VM operation: HandshakeAllThreads done
Event: 0.329 Executing VM operation: HandshakeAllThreads
Event: 0.329 Executing VM operation: HandshakeAllThreads done
Event: 0.834 Executing VM operation: G1CollectForAllocation
Event: 0.847 Executing VM operation: G1CollectForAllocation done
Event: 0.881 Executing VM operation: HandshakeAllThreads
Event: 0.881 Executing VM operation: HandshakeAllThreads done
Event: 0.881 Executing VM operation: HandshakeAllThreads
Event: 0.881 Executing VM operation: HandshakeAllThreads done
Event: 0.906 Executing VM operation: HandshakeAllThreads
Event: 0.906 Executing VM operation: HandshakeAllThreads done

Events (20 events):
Event: 0.919 loading class jdk/internal/misc/ScopedMemoryAccess$Scope
Event: 0.919 loading class jdk/internal/misc/ScopedMemoryAccess$Scope done
Event: 0.933 loading class java/util/concurrent/atomic/AtomicReferenceArray
Event: 0.933 loading class java/util/concurrent/atomic/AtomicReferenceArray done
Event: 0.933 loading class java/lang/invoke/VarHandleReferences$Array
Event: 0.934 loading class java/lang/invoke/VarHandleReferences$Array done
Event: 0.936 loading class java/nio/file/Files$2
Event: 0.936 loading class java/nio/file/Files$2 done
Event: 0.937 loading class java/util/Spliterators$IteratorSpliterator
Event: 0.937 loading class java/util/Spliterators$IteratorSpliterator done
Event: 0.938 loading class java/lang/invoke/DirectMethodHandle$Special
Event: 0.938 loading class java/lang/invoke/DirectMethodHandle$Special done
Event: 0.940 loading class java/util/stream/ReduceOps$4
Event: 0.940 loading class java/util/stream/ReduceOps$4 done
Event: 0.940 loading class java/util/stream/ReduceOps$4ReducingSink
Event: 0.940 loading class java/util/stream/ReduceOps$4ReducingSink done
Event: 0.943 loading class sun/nio/fs/WindowsException
Event: 0.943 loading class sun/nio/fs/WindowsException done
Event: 0.944 loading class sun/nio/fs/WindowsPath$1
Event: 0.944 loading class sun/nio/fs/WindowsPath$1 done


Dynamic libraries:
0x00007ff727300000 - 0x00007ff72730a000 	C:\Program Files\JetBrains\IntelliJ IDEA 2023.2.1\jbr\bin\java.exe
0x00007fffd78f0000 - 0x00007fffd7ae8000 	C:\Windows\SYSTEM32\ntdll.dll
0x00007fffd75f0000 - 0x00007fffd76ad000 	C:\Windows\System32\KERNEL32.DLL
0x00007fffd50d0000 - 0x00007fffd53c6000 	C:\Windows\System32\KERNELBASE.dll
0x00007fffd4fd0000 - 0x00007fffd50d0000 	C:\Windows\System32\ucrtbase.dll
0x00007fffcc4e0000 - 0x00007fffcc4fb000 	C:\Program Files\JetBrains\IntelliJ IDEA 2023.2.1\jbr\bin\VCRUNTIME140.dll
0x00007fffcaf70000 - 0x00007fffcaf87000 	C:\Program Files\JetBrains\IntelliJ IDEA 2023.2.1\jbr\bin\jli.dll
0x00007fffd7450000 - 0x00007fffd75ee000 	C:\Windows\System32\USER32.dll
0x00007fffd5720000 - 0x00007fffd5742000 	C:\Windows\System32\win32u.dll
0x00007fffc01f0000 - 0x00007fffc048a000 	C:\Windows\WinSxS\amd64_microsoft.windows.common-controls_6595b64144ccf1df_6.0.19041.3636_none_60b6a03d71f818d5\COMCTL32.dll
0x00007fffd59f0000 - 0x00007fffd5a8e000 	C:\Windows\System32\msvcrt.dll
0x00007fffd5e80000 - 0x00007fffd5eac000 	C:\Windows\System32\GDI32.dll
0x00007fffd5750000 - 0x00007fffd586a000 	C:\Windows\System32\gdi32full.dll
0x00007fffd5460000 - 0x00007fffd54fd000 	C:\Windows\System32\msvcp_win.dll
0x00007fffd5e50000 - 0x00007fffd5e80000 	C:\Windows\System32\IMM32.DLL
0x00007fffcb3c0000 - 0x00007fffcb3cc000 	C:\Program Files\JetBrains\IntelliJ IDEA 2023.2.1\jbr\bin\vcruntime140_1.dll
0x00007fffb0fa0000 - 0x00007fffb102d000 	C:\Program Files\JetBrains\IntelliJ IDEA 2023.2.1\jbr\bin\msvcp140.dll
0x00007fff81bd0000 - 0x00007fff82853000 	C:\Program Files\JetBrains\IntelliJ IDEA 2023.2.1\jbr\bin\server\jvm.dll
0x00007fffd6c20000 - 0x00007fffd6ccf000 	C:\Windows\System32\ADVAPI32.dll
0x00007fffd5950000 - 0x00007fffd59ec000 	C:\Windows\System32\sechost.dll
0x00007fffd6f30000 - 0x00007fffd7056000 	C:\Windows\System32\RPCRT4.dll
0x00007fffd44f0000 - 0x00007fffd453b000 	C:\Windows\SYSTEM32\POWRPROF.dll
0x00007fffbfc40000 - 0x00007fffbfc49000 	C:\Windows\SYSTEM32\WSOCK32.dll
0x00007fffc0630000 - 0x00007fffc0657000 	C:\Windows\SYSTEM32\WINMM.dll
0x00007fffd73e0000 - 0x00007fffd744b000 	C:\Windows\System32\WS2_32.dll
0x00007fffce610000 - 0x00007fffce61a000 	C:\Windows\SYSTEM32\VERSION.dll
0x00007fffd43b0000 - 0x00007fffd43c2000 	C:\Windows\SYSTEM32\UMPDC.dll
0x00007fffd3830000 - 0x00007fffd3842000 	C:\Windows\SYSTEM32\kernel.appcore.dll
0x00007fffced00000 - 0x00007fffced0a000 	C:\Program Files\JetBrains\IntelliJ IDEA 2023.2.1\jbr\bin\jimage.dll
0x00007fffd2d00000 - 0x00007fffd2ee4000 	C:\Windows\SYSTEM32\DBGHELP.DLL
0x00007fffbefc0000 - 0x00007fffbeff4000 	C:\Windows\SYSTEM32\dbgcore.DLL
0x00007fffd53d0000 - 0x00007fffd5452000 	C:\Windows\System32\bcryptPrimitives.dll
0x00007fffbccb0000 - 0x00007fffbccd5000 	C:\Program Files\JetBrains\IntelliJ IDEA 2023.2.1\jbr\bin\java.dll
0x00007fffcc4c0000 - 0x00007fffcc4d8000 	C:\Program Files\JetBrains\IntelliJ IDEA 2023.2.1\jbr\bin\zip.dll
0x00007fffd6040000 - 0x00007fffd6784000 	C:\Windows\System32\SHELL32.dll
0x00007fffd2ef0000 - 0x00007fffd368b000 	C:\Windows\SYSTEM32\windows.storage.dll
0x00007fffd5af0000 - 0x00007fffd5e44000 	C:\Windows\System32\combase.dll
0x00007fffd4930000 - 0x00007fffd495d000 	C:\Windows\SYSTEM32\Wldp.dll
0x00007fffd7210000 - 0x00007fffd72bd000 	C:\Windows\System32\SHCORE.dll
0x00007fffd7840000 - 0x00007fffd7895000 	C:\Windows\System32\shlwapi.dll
0x00007fffd4f00000 - 0x00007fffd4f25000 	C:\Windows\SYSTEM32\profapi.dll
0x00007fffcc430000 - 0x00007fffcc449000 	C:\Program Files\JetBrains\IntelliJ IDEA 2023.2.1\jbr\bin\net.dll
0x00007fffcbfe0000 - 0x00007fffcc0ea000 	C:\Windows\SYSTEM32\WINHTTP.dll
0x00007fffd4710000 - 0x00007fffd477a000 	C:\Windows\system32\mswsock.dll
0x00007fffcb3a0000 - 0x00007fffcb3b6000 	C:\Program Files\JetBrains\IntelliJ IDEA 2023.2.1\jbr\bin\nio.dll
0x00007fffd43d0000 - 0x00007fffd440b000 	C:\Windows\SYSTEM32\IPHLPAPI.DLL
0x00007fffd78a0000 - 0x00007fffd78a8000 	C:\Windows\System32\NSI.dll
0x00007fffcdce0000 - 0x00007fffcdcf7000 	C:\Windows\SYSTEM32\dhcpcsvc6.DLL
0x00007fffcd940000 - 0x00007fffcd95d000 	C:\Windows\SYSTEM32\dhcpcsvc.DLL
0x00007fffd4410000 - 0x00007fffd44da000 	C:\Windows\SYSTEM32\DNSAPI.dll
0x00007fffd4970000 - 0x00007fffd4988000 	C:\Windows\SYSTEM32\CRYPTSP.dll
0x00007fffd3ff0000 - 0x00007fffd4024000 	C:\Windows\system32\rsaenh.dll
0x00007fffd5920000 - 0x00007fffd5947000 	C:\Windows\System32\bcrypt.dll
0x00007fffd4ec0000 - 0x00007fffd4eee000 	C:\Windows\SYSTEM32\USERENV.dll
0x00007fffd48a0000 - 0x00007fffd48ac000 	C:\Windows\SYSTEM32\CRYPTBASE.dll
0x00007fffc9020000 - 0x00007fffc9027000 	C:\Program Files\JetBrains\IntelliJ IDEA 2023.2.1\jbr\bin\rmi.dll

dbghelp: loaded successfully - version: 4.0.5 - missing functions: none
symbol engine: initialized successfully - sym options: 0x614 - pdb path: .;C:\Program Files\JetBrains\IntelliJ IDEA 2023.2.1\jbr\bin;C:\Windows\SYSTEM32;C:\Windows\WinSxS\amd64_microsoft.windows.common-controls_6595b64144ccf1df_6.0.19041.3636_none_60b6a03d71f818d5;C:\Program Files\JetBrains\IntelliJ IDEA 2023.2.1\jbr\bin\server

VM Arguments:
jvm_args: -Djava.rmi.server.hostname=127.0.0.1 -Duser.timezone=UTC -Xmx2048m -Xms128m -Djna.boot.library.path=C:\Program Files\JetBrains\IntelliJ IDEA 2023.2.1/lib/jna/amd64 -Djna.nosys=true -Djna.noclasspath=true -Djdbc.classpath=C:\Program Files\JetBrains\IntelliJ IDEA 2023.2.1\plugins\DatabaseTools\lib\jdbc-console.jar;C:\Users\ASUS\AppData\Roaming\JetBrains\IntelliJIdea2023.2\jdbc-drivers\H2\2.1.210\com\h2database\h2\2.1.210\h2-2.1.210.jar --add-exports=java.desktop/sun.awt=ALL-UNNAMED --add-exports=java.desktop/java.awt.peer=ALL-UNNAMED --add-opens=java.desktop/java.awt=ALL-UNNAMED --add-opens=jdk.unsupported/sun.misc=ALL-UNNAMED --add-opens=java.base/java.nio=ALL-UNNAMED --add-opens=java.base/java.util=ALL-UNNAMED -Dfile.encoding=UTF-8 
java_command: com.intellij.database.remote.RemoteJdbcServer org.h2.Driver
java_class_path (initial): C:\Program Files\JetBrains\IntelliJ IDEA 2023.2.1\lib\util_rt.jar;C:\Program Files\JetBrains\IntelliJ IDEA 2023.2.1\lib\util-8.jar;C:\Program Files\JetBrains\IntelliJ IDEA 2023.2.1\lib\groovy.jar;C:\Program Files\JetBrains\IntelliJ IDEA 2023.2.1\plugins\DatabaseTools\lib\jdbc-console.jar;C:\Program Files\JetBrains\IntelliJ IDEA 2023.2.1\plugins\grid-core-impl\lib\jdbc-console-types.jar;C:\Program Files\JetBrains\IntelliJ IDEA 2023.2.1\lib\util.jar;C:\Program Files\JetBrains\IntelliJ IDEA 2023.2.1\lib\bouncy-castle.jar
Launcher Type: SUN_STANDARD

[Global flags]
     intx CICompilerCount                          = 3                                         {product} {ergonomic}
     uint ConcGCThreads                            = 1                                         {product} {ergonomic}
     uint G1ConcRefinementThreads                  = 4                                         {product} {ergonomic}
   size_t G1HeapRegionSize                         = 1048576                                   {product} {ergonomic}
    uintx GCDrainStackTargetSize                   = 64                                        {product} {ergonomic}
   size_t InitialHeapSize                          = 134217728                                 {product} {command line}
   size_t MarkStackSize                            = 4194304                                   {product} {ergonomic}
   size_t MaxHeapSize                              = 2147483648                                {product} {command line}
   size_t MaxNewSize                               = 1287651328                                {product} {ergonomic}
   size_t MinHeapDeltaBytes                        = 1048576                                   {product} {ergonomic}
   size_t MinHeapSize                              = 134217728                                 {product} {command line}
    uintx NonNMethodCodeHeapSize                   = 5832780                                {pd product} {ergonomic}
    uintx NonProfiledCodeHeapSize                  = 122912730                              {pd product} {ergonomic}
    uintx ProfiledCodeHeapSize                     = 122912730                              {pd product} {ergonomic}
    uintx ReservedCodeCacheSize                    = 251658240                              {pd product} {ergonomic}
     bool SegmentedCodeCache                       = true                                      {product} {ergonomic}
   size_t SoftMaxHeapSize                          = 2147483648                             {manageable} {ergonomic}
     bool UseCompressedClassPointers               = true                           {product lp64_product} {ergonomic}
     bool UseCompressedOops                        = true                           {product lp64_product} {ergonomic}
     bool UseG1GC                                  = true                                      {product} {ergonomic}
     bool UseLargePagesIndividualAllocation        = false                                  {pd product} {ergonomic}

Logging:
Log output configuration:
 #0: stdout all=warning uptime,level,tags
 #1: stderr all=off uptime,level,tags

Environment Variables:
JAVA_HOME=C:\Program Files\Java\jdk-17\bin
PATH=C:\Program Files (x86)\VMware\VMware Workstation\bin\;C:\Program Files (x86)\Common Files\Oracle\Java\javapath;C:\Program Files\Common Files\Oracle\Java\javapath;C:\Windows\system32;C:\Windows;C:\Windows\System32\Wbem;C:\Windows\System32\WindowsPowerShell\v1.0\;C:\Windows\System32\OpenSSH\;C:\Program Files\Git\cmd;C:\Program Files\nodejs\;C:\Program Files\Java\jdk1.8.0_202\bin;C:\Program Files\Java\jdk-17\bin;C:\Users\ASUS\AppData\Local\Microsoft\WindowsApps;C:\Users\ASUS\AppData\Local\GitHubDesktop\bin;C:\Users\ASUS\AppData\Roaming\npm;C:\Users\ASUS\AppData\Local\Programs\Microsoft VS Code\bin;C:\Program Files\MongoDB\Server\4.0\bin;
USERNAME=ASUS
OS=Windows_NT
PROCESSOR_IDENTIFIER=Intel64 Family 6 Model 142 Stepping 9, GenuineIntel
TMP=C:\Users\ASUS\AppData\Local\Temp
TEMP=C:\Users\ASUS\AppData\Local\Temp


JNI global refs:
JNI global refs: 16, weak refs: 0

JNI global refs memory usage: 843, weak refs: 209

OOME stack traces (most recent first):
Classloader memory used:
Loader bootstrap                                                                       : 1597K
Loader com.intellij.database.remote.jdbc.impl.JdbcClassLoader$JdbcClassLoaderImpl      : 161K
Loader jdk.internal.loader.ClassLoaders$AppClassLoader                                 : 134K
Loader jdk.internal.loader.ClassLoaders$PlatformClassLoader                            : 34778B
Loader jdk.internal.reflect.DelegatingClassLoader                                      : 9248B


---------------  S Y S T E M  ---------------

OS:
 Windows 10 , 64 bit Build 19041 (10.0.19041.3636)
OS uptime: 0 days 22:59 hours
Hyper-V role detected

CPU: total 4 (initial active 4) (2 cores per cpu, 2 threads per core) family 6 model 142 stepping 9 microcode 0xb4, cx8, cmov, fxsr, ht, mmx, 3dnowpref, sse, sse2, sse3, ssse3, sse4.1, sse4.2, popcnt, lzcnt, tsc, tscinvbit, avx, avx2, aes, erms, clmul, bmi1, bmi2, adx, fma, vzeroupper, clflush, clflushopt, hv
Processor Information for all 4 processors :
  Max Mhz: 2712, Current Mhz: 2511, Mhz Limit: 2495

Memory: 4k page, system-wide physical 8073M (731M free)
TotalPageFile size 11914M (AvailPageFile size 4M)
current process WorkingSet (physical memory assigned to process): 71M, peak: 71M
current process commit charge ("private bytes"): 213M, peak: 214M

vm_info: OpenJDK 64-Bit Server VM (17.0.8+7-b1000.8) for windows-amd64 JRE (17.0.8+7-b1000.8), built on 2023-08-04 by "builduser" with MS VC++ 16.10 / 16.11 (VS2019)

END.
