#
# There is insufficient memory for the Java Runtime Environment to continue.
# Native memory allocation (malloc) failed to allocate 32744 bytes for ChunkPool::allocate
# Possible reasons:
#   The system is out of physical RAM or swap space
#   The process is running with CompressedOops enabled, and the Java Heap may be blocking the growth of the native heap
# Possible solutions:
#   Reduce memory load on the system
#   Increase physical memory or swap space
#   Check if swap backing store is full
#   Decrease Java heap size (-Xmx/-Xms)
#   Decrease number of Java threads
#   Decrease Java thread stack sizes (-Xss)
#   Set larger code cache with -XX:ReservedCodeCacheSize=
#   JVM is running with Unscaled Compressed Oops mode in which the Java heap is
#     placed in the first 4GB address space. The Java Heap base address is the
#     maximum limit for the native heap growth. Please use -XX:HeapBaseMinAddress
#     to set the Java Heap base and to place the Java Heap above 4GB virtual address.
# This output file may be truncated or incomplete.
#
#  Out of Memory Error (allocation.cpp:272), pid=10688, tid=0x0000000000000b0c
#
# JRE version: Java(TM) SE Runtime Environment (8.0_202-b08) (build 1.8.0_202-b08)
# Java VM: Java HotSpot(TM) 64-Bit Server VM (25.202-b08 mixed mode windows-amd64 compressed oops)
# Failed to write core dump. Minidumps are not enabled by default on client versions of Windows
#

---------------  T H R E A D  ---------------

Current thread (0x000000001903c800):  JavaThread "C1 CompilerThread2" daemon [_thread_in_native, id=2828, stack(0x00000000198f0000,0x00000000199f0000)]

Stack: [0x00000000198f0000,0x00000000199f0000]
[error occurred during error reporting (printing stack bounds), id 0xc0000005]

Native frames: (J=compiled Java code, j=interpreted, Vv=VM code, C=native code)


Current CompileTask:
C1:  15510 4475   !   1       org.springframework.beans.factory.support.ConstructorResolver::instantiateUsingFactoryMethod (1574 bytes)


---------------  P R O C E S S  ---------------

Java Threads: ( => current thread )
  0x000000001d7a9000 JavaThread "spring.cloud.inetutils" daemon [_thread_in_native, id=13140, stack(0x000000001f040000,0x000000001f140000)]
  0x0000000018c10800 JavaThread "container-0" [_thread_blocked, id=9524, stack(0x000000001cd70000,0x000000001ce70000)]
  0x0000000018c10000 JavaThread "Catalina-utility-2" [_thread_blocked, id=12348, stack(0x000000001cc70000,0x000000001cd70000)]
  0x0000000018c0f800 JavaThread "Catalina-utility-1" [_thread_blocked, id=2560, stack(0x000000001cb70000,0x000000001cc70000)]
  0x000000001b192800 JavaThread "HikariPool-1 housekeeper" daemon [_thread_blocked, id=11476, stack(0x000000001b870000,0x000000001b970000)]
  0x00000000192ab800 JavaThread "RMI TCP Accept-0" daemon [_thread_in_native, id=9648, stack(0x0000000019e30000,0x0000000019f30000)]
  0x000000001903f000 JavaThread "Service Thread" daemon [_thread_blocked, id=12068, stack(0x00000000199f0000,0x0000000019af0000)]
=>0x000000001903c800 JavaThread "C1 CompilerThread2" daemon [_thread_in_native, id=2828, stack(0x00000000198f0000,0x00000000199f0000)]
  0x0000000018f42800 JavaThread "C2 CompilerThread1" daemon [_thread_blocked, id=7652, stack(0x00000000197f0000,0x00000000198f0000)]
  0x0000000018f42000 JavaThread "C2 CompilerThread0" daemon [_thread_blocked, id=10272, stack(0x00000000196f0000,0x00000000197f0000)]
  0x0000000018f23000 JavaThread "Monitor Ctrl-Break" daemon [_thread_in_native, id=11704, stack(0x00000000195f0000,0x00000000196f0000)]
  0x000000001726f800 JavaThread "Attach Listener" daemon [_thread_blocked, id=7840, stack(0x00000000188f0000,0x00000000189f0000)]
  0x000000001726e000 JavaThread "Signal Dispatcher" daemon [_thread_blocked, id=9968, stack(0x00000000187f0000,0x00000000188f0000)]
  0x0000000017250800 JavaThread "Finalizer" daemon [_thread_blocked, id=7092, stack(0x00000000184c0000,0x00000000185c0000)]
  0x0000000002539000 JavaThread "Reference Handler" daemon [_thread_blocked, id=8752, stack(0x00000000183c0000,0x00000000184c0000)]
  0x0000000002449000 JavaThread "main" [_thread_in_Java, id=5916, stack(0x0000000002340000,0x0000000002440000)]

Other Threads:
  0x0000000017227000 VMThread [stack: 0x00000000182c0000,0x00000000183c0000] [id=1368]
  0x00000000192b7000 WatcherThread [stack: 0x0000000019f30000,0x000000001a030000] [id=8512]

VM state:not at safepoint (normal execution)

VM Mutex/Monitor currently owned by a thread: None

heap address: 0x0000000081c00000, size: 2020 MB, Compressed Oops mode: 32-bit
Narrow klass base: 0x0000000000000000, Narrow klass shift: 3
Compressed class space size: 1073741824 Address: 0x0000000100000000

Heap:
 PSYoungGen      total 390144K, used 46325K [0x00000000d5f00000, 0x00000000efb80000, 0x0000000100000000)
  eden space 370176K, 12% used [0x00000000d5f00000,0x00000000d8c3d7c0,0x00000000ec880000)
  from space 19968K, 0% used [0x00000000ed480000,0x00000000ed480000,0x00000000ee800000)
  to   space 16384K, 0% used [0x00000000eeb80000,0x00000000eeb80000,0x00000000efb80000)
 ParOldGen       total 92672K, used 34890K [0x0000000081c00000, 0x0000000087680000, 0x00000000d5f00000)
  object space 92672K, 37% used [0x0000000081c00000,0x0000000083e12888,0x0000000087680000)
 Metaspace       used 55387K, capacity 59517K, committed 59736K, reserved 1101824K
  class space    used 7883K, capacity 8626K, committed 8704K, reserved 1048576K

Card table byte_map: [0x0000000011af0000,0x0000000011ef0000] byte_map_base: 0x00000000116e2000

Marking Bits: (ParMarkBitMap*) 0x000000006a6f5ce0
 Begin Bits: [0x00000000125a0000, 0x0000000014530000)
 End Bits:   [0x0000000014530000, 0x00000000164c0000)

Polling page: 0x0000000002200000

CodeCache: size=245760Kb used=8867Kb max_used=8876Kb free=236893Kb
 bounds [0x0000000002730000, 0x0000000002fe0000, 0x0000000011730000]
 total_blobs=4976 nmethods=4431 adapters=457
 compilation: enabled

Compilation events (10 events):
Event: 15.460 Thread 0x000000001903c800 nmethod 4470 0x0000000002fdab90 code [0x0000000002fdad00, 0x0000000002fdaf18]
Event: 15.464 Thread 0x000000001903c800 4471   !   1       com.sun.proxy.$Proxy76::annotationType (29 bytes)
Event: 15.464 Thread 0x000000001903c800 nmethod 4471 0x0000000002fdb050 code [0x0000000002fdb1c0, 0x0000000002fdb3d8]
Event: 15.465 Thread 0x000000001903c800 4472       1       java.util.concurrent.ConcurrentHashMap$EntrySetView::iterator (34 bytes)
Event: 15.465 Thread 0x000000001903c800 nmethod 4472 0x0000000002fdb510 code [0x0000000002fdb680, 0x0000000002fdb8b8]
Event: 15.465 Thread 0x000000001903c800 4473       1       java.util.concurrent.ConcurrentHashMap$EntryIterator::<init> (12 bytes)
Event: 15.465 Thread 0x000000001903c800 nmethod 4473 0x00000000029b1290 code [0x00000000029b1400, 0x00000000029b1578]
Event: 15.475 Thread 0x000000001903c800 4474       1       org.springframework.beans.factory.annotation.QualifierAnnotationAutowireCandidateResolver::isQualifier (52 bytes)
Event: 15.476 Thread 0x000000001903c800 nmethod 4474 0x0000000002fdba50 code [0x0000000002fdbc00, 0x0000000002fdbfb8]
Event: 15.491 Thread 0x000000001903c800 4475   !   1       org.springframework.beans.factory.support.ConstructorResolver::instantiateUsingFactoryMethod (1574 bytes)

GC Heap History (10 events):
Event: 8.481 GC heap before
{Heap before GC invocations=10 (full 1):
 PSYoungGen      total 266240K, used 73810K [0x00000000d5f00000, 0x00000000e7400000, 0x0000000100000000)
  eden space 253952K, 24% used [0x00000000d5f00000,0x00000000d9b1a408,0x00000000e5700000)
  from space 12288K, 99% used [0x00000000e6580000,0x00000000e717a418,0x00000000e7180000)
  to   space 14848K, 0% used [0x00000000e5700000,0x00000000e5700000,0x00000000e6580000)
 ParOldGen       total 45568K, used 11645K [0x0000000081c00000, 0x0000000084880000, 0x00000000d5f00000)
  object space 45568K, 25% used [0x0000000081c00000,0x000000008275f440,0x0000000084880000)
 Metaspace       used 33234K, capacity 35402K, committed 35456K, reserved 1079296K
  class space    used 4491K, capacity 4953K, committed 4992K, reserved 1048576K
Event: 8.496 GC heap after
Heap after GC invocations=10 (full 1):
 PSYoungGen      total 268800K, used 14086K [0x00000000d5f00000, 0x00000000efb80000, 0x0000000100000000)
  eden space 253952K, 0% used [0x00000000d5f00000,0x00000000d5f00000,0x00000000e5700000)
  from space 14848K, 94% used [0x00000000e5700000,0x00000000e64c1ab8,0x00000000e6580000)
  to   space 16384K, 0% used [0x00000000eeb80000,0x00000000eeb80000,0x00000000efb80000)
 ParOldGen       total 45568K, used 11653K [0x0000000081c00000, 0x0000000084880000, 0x00000000d5f00000)
  object space 45568K, 25% used [0x0000000081c00000,0x0000000082761440,0x0000000084880000)
 Metaspace       used 33234K, capacity 35402K, committed 35456K, reserved 1079296K
  class space    used 4491K, capacity 4953K, committed 4992K, reserved 1048576K
}
Event: 8.496 GC heap before
{Heap before GC invocations=11 (full 2):
 PSYoungGen      total 268800K, used 14086K [0x00000000d5f00000, 0x00000000efb80000, 0x0000000100000000)
  eden space 253952K, 0% used [0x00000000d5f00000,0x00000000d5f00000,0x00000000e5700000)
  from space 14848K, 94% used [0x00000000e5700000,0x00000000e64c1ab8,0x00000000e6580000)
  to   space 16384K, 0% used [0x00000000eeb80000,0x00000000eeb80000,0x00000000efb80000)
 ParOldGen       total 45568K, used 11653K [0x0000000081c00000, 0x0000000084880000, 0x00000000d5f00000)
  object space 45568K, 25% used [0x0000000081c00000,0x0000000082761440,0x0000000084880000)
 Metaspace       used 33234K, capacity 35402K, committed 35456K, reserved 1079296K
  class space    used 4491K, capacity 4953K, committed 4992K, reserved 1048576K
Event: 8.568 GC heap after
Heap after GC invocations=11 (full 2):
 PSYoungGen      total 268800K, used 0K [0x00000000d5f00000, 0x00000000efb80000, 0x0000000100000000)
  eden space 253952K, 0% used [0x00000000d5f00000,0x00000000d5f00000,0x00000000e5700000)
  from space 14848K, 0% used [0x00000000e5700000,0x00000000e5700000,0x00000000e6580000)
  to   space 16384K, 0% used [0x00000000eeb80000,0x00000000eeb80000,0x00000000efb80000)
 ParOldGen       total 66048K, used 19182K [0x0000000081c00000, 0x0000000085c80000, 0x00000000d5f00000)
  object space 66048K, 29% used [0x0000000081c00000,0x0000000082ebba20,0x0000000085c80000)
 Metaspace       used 33234K, capacity 35402K, committed 35456K, reserved 1079296K
  class space    used 4491K, capacity 4953K, committed 4992K, reserved 1048576K
}
Event: 11.524 GC heap before
{Heap before GC invocations=12 (full 2):
 PSYoungGen      total 268800K, used 253952K [0x00000000d5f00000, 0x00000000efb80000, 0x0000000100000000)
  eden space 253952K, 100% used [0x00000000d5f00000,0x00000000e5700000,0x00000000e5700000)
  from space 14848K, 0% used [0x00000000e5700000,0x00000000e5700000,0x00000000e6580000)
  to   space 16384K, 0% used [0x00000000eeb80000,0x00000000eeb80000,0x00000000efb80000)
 ParOldGen       total 66048K, used 19182K [0x0000000081c00000, 0x0000000085c80000, 0x00000000d5f00000)
  object space 66048K, 29% used [0x0000000081c00000,0x0000000082ebba20,0x0000000085c80000)
 Metaspace       used 50599K, capacity 53814K, committed 54144K, reserved 1095680K
  class space    used 7084K, capacity 7690K, committed 7808K, reserved 1048576K
Event: 11.558 GC heap after
Heap after GC invocations=12 (full 2):
 PSYoungGen      total 386560K, used 16363K [0x00000000d5f00000, 0x00000000efb80000, 0x0000000100000000)
  eden space 370176K, 0% used [0x00000000d5f00000,0x00000000d5f00000,0x00000000ec880000)
  from space 16384K, 99% used [0x00000000eeb80000,0x00000000efb7ae68,0x00000000efb80000)
  to   space 19968K, 0% used [0x00000000ed480000,0x00000000ed480000,0x00000000ee800000)
 ParOldGen       total 66048K, used 23032K [0x0000000081c00000, 0x0000000085c80000, 0x00000000d5f00000)
  object space 66048K, 34% used [0x0000000081c00000,0x000000008327e140,0x0000000085c80000)
 Metaspace       used 50599K, capacity 53814K, committed 54144K, reserved 1095680K
  class space    used 7084K, capacity 7690K, committed 7808K, reserved 1048576K
}
Event: 15.015 GC heap before
{Heap before GC invocations=13 (full 2):
 PSYoungGen      total 386560K, used 261017K [0x00000000d5f00000, 0x00000000efb80000, 0x0000000100000000)
  eden space 370176K, 66% used [0x00000000d5f00000,0x00000000e4deb798,0x00000000ec880000)
  from space 16384K, 99% used [0x00000000eeb80000,0x00000000efb7ae68,0x00000000efb80000)
  to   space 19968K, 0% used [0x00000000ed480000,0x00000000ed480000,0x00000000ee800000)
 ParOldGen       total 66048K, used 23032K [0x0000000081c00000, 0x0000000085c80000, 0x00000000d5f00000)
  object space 66048K, 34% used [0x0000000081c00000,0x000000008327e140,0x0000000085c80000)
 Metaspace       used 54975K, capacity 59027K, committed 59096K, reserved 1099776K
  class space    used 7785K, capacity 8507K, committed 8576K, reserved 1048576K
Event: 15.046 GC heap after
Heap after GC invocations=13 (full 2):
 PSYoungGen      total 390144K, used 12927K [0x00000000d5f00000, 0x00000000efb80000, 0x0000000100000000)
  eden space 370176K, 0% used [0x00000000d5f00000,0x00000000d5f00000,0x00000000ec880000)
  from space 19968K, 64% used [0x00000000ed480000,0x00000000ee11fd10,0x00000000ee800000)
  to   space 16384K, 0% used [0x00000000eeb80000,0x00000000eeb80000,0x00000000efb80000)
 ParOldGen       total 66048K, used 29544K [0x0000000081c00000, 0x0000000085c80000, 0x00000000d5f00000)
  object space 66048K, 44% used [0x0000000081c00000,0x00000000838da2b0,0x0000000085c80000)
 Metaspace       used 54975K, capacity 59027K, committed 59096K, reserved 1099776K
  class space    used 7785K, capacity 8507K, committed 8576K, reserved 1048576K
}
Event: 15.046 GC heap before
{Heap before GC invocations=14 (full 3):
 PSYoungGen      total 390144K, used 12927K [0x00000000d5f00000, 0x00000000efb80000, 0x0000000100000000)
  eden space 370176K, 0% used [0x00000000d5f00000,0x00000000d5f00000,0x00000000ec880000)
  from space 19968K, 64% used [0x00000000ed480000,0x00000000ee11fd10,0x00000000ee800000)
  to   space 16384K, 0% used [0x00000000eeb80000,0x00000000eeb80000,0x00000000efb80000)
 ParOldGen       total 66048K, used 29544K [0x0000000081c00000, 0x0000000085c80000, 0x00000000d5f00000)
  object space 66048K, 44% used [0x0000000081c00000,0x00000000838da2b0,0x0000000085c80000)
 Metaspace       used 54975K, capacity 59027K, committed 59096K, reserved 1099776K
  class space    used 7785K, capacity 8507K, committed 8576K, reserved 1048576K
Event: 15.247 GC heap after
Heap after GC invocations=14 (full 3):
 PSYoungGen      total 390144K, used 0K [0x00000000d5f00000, 0x00000000efb80000, 0x0000000100000000)
  eden space 370176K, 0% used [0x00000000d5f00000,0x00000000d5f00000,0x00000000ec880000)
  from space 19968K, 0% used [0x00000000ed480000,0x00000000ed480000,0x00000000ee800000)
  to   space 16384K, 0% used [0x00000000eeb80000,0x00000000eeb80000,0x00000000efb80000)
 ParOldGen       total 92672K, used 34890K [0x0000000081c00000, 0x0000000087680000, 0x00000000d5f00000)
  object space 92672K, 37% used [0x0000000081c00000,0x0000000083e12888,0x0000000087680000)
 Metaspace       used 54975K, capacity 59027K, committed 59096K, reserved 1099776K
  class space    used 7785K, capacity 8507K, committed 8576K, reserved 1048576K
}

Deoptimization events (0 events):
No events

Classes redefined (0 events):
No events

Internal exceptions (10 events):
Event: 15.503 Thread 0x0000000002449000 Exception <a 'java/lang/ArrayIndexOutOfBoundsException'> (0x00000000d88922f8) thrown at [C:\re\workspace\8-2-build-windows-amd64-cygwin\jdk8u202\12323\hotspot\src\share\vm\runtime\sharedRuntime.cpp, line 605]
Event: 15.503 Thread 0x0000000002449000 Exception <a 'java/lang/ArrayIndexOutOfBoundsException'> (0x00000000d8893888) thrown at [C:\re\workspace\8-2-build-windows-amd64-cygwin\jdk8u202\12323\hotspot\src\share\vm\runtime\sharedRuntime.cpp, line 605]
Event: 15.503 Thread 0x0000000002449000 Exception <a 'java/lang/ClassNotFoundException': org/springframework/core/convert/converter/ConverterRegistryCustomizer> (0x00000000d88ba3e8) thrown at [C:\re\workspace\8-2-build-windows-amd64-cygwin\jdk8u202\12323\hotspot\src\share\vm\classfile\systemDic
Event: 15.503 Thread 0x0000000002449000 Exception <a 'java/lang/ArrayIndexOutOfBoundsException'> (0x00000000d88bb898) thrown at [C:\re\workspace\8-2-build-windows-amd64-cygwin\jdk8u202\12323\hotspot\src\share\vm\runtime\sharedRuntime.cpp, line 605]
Event: 15.503 Thread 0x0000000002449000 Exception <a 'java/lang/ArrayIndexOutOfBoundsException'> (0x00000000d88bd7e8) thrown at [C:\re\workspace\8-2-build-windows-amd64-cygwin\jdk8u202\12323\hotspot\src\share\vm\runtime\sharedRuntime.cpp, line 605]
Event: 15.503 Thread 0x0000000002449000 Exception <a 'java/lang/ArrayIndexOutOfBoundsException'> (0x00000000d88bf310) thrown at [C:\re\workspace\8-2-build-windows-amd64-cygwin\jdk8u202\12323\hotspot\src\share\vm\runtime\sharedRuntime.cpp, line 605]
Event: 15.503 Thread 0x0000000002449000 Exception <a 'java/lang/ArrayIndexOutOfBoundsException'> (0x00000000d88c25e8) thrown at [C:\re\workspace\8-2-build-windows-amd64-cygwin\jdk8u202\12323\hotspot\src\share\vm\runtime\sharedRuntime.cpp, line 605]
Event: 15.504 Thread 0x0000000002449000 Exception <a 'java/lang/ClassNotFoundException': org/springframework/context/EmbeddedValueResolverAwareCustomizer> (0x00000000d88e7c08) thrown at [C:\re\workspace\8-2-build-windows-amd64-cygwin\jdk8u202\12323\hotspot\src\share\vm\classfile\systemDictionar
Event: 15.506 Thread 0x0000000002449000 Exception <a 'java/lang/ClassNotFoundException': org/springframework/beans/factory/AwareCustomizer> (0x00000000d8905fb0) thrown at [C:\re\workspace\8-2-build-windows-amd64-cygwin\jdk8u202\12323\hotspot\src\share\vm\classfile\systemDictionary.cpp, line 210
Event: 15.507 Thread 0x0000000002449000 Exception <a 'java/lang/ClassNotFoundException': org/springframework/core/convert/support/ConfigurableConversionServiceCustomizer> (0x00000000d8930388) thrown at [C:\re\workspace\8-2-build-windows-amd64-cygwin\jdk8u202\12323\hotspot\src\share\vm\classfile

Events (10 events):
Event: 15.506 loading class org/springframework/beans/factory/AwareCustomizer
Event: 15.506 loading class org/springframework/beans/factory/AwareCustomizer done
Event: 15.506 loading class org/springframework/core/convert/support/ConfigurableConversionServiceCustomizer
Event: 15.506 loading class org/springframework/core/convert/support/ConfigurableConversionServiceCustomizer done
Event: 15.507 loading class org/springframework/core/convert/support/ConfigurableConversionServiceCustomizer
Event: 15.507 loading class org/springframework/core/convert/support/ConfigurableConversionServiceCustomizer done
Event: 15.507 loading class org/springframework/core/convert/support/ConfigurableConversionServiceCustomizer
Event: 15.507 loading class org/springframework/core/convert/support/ConfigurableConversionServiceCustomizer done
Event: 15.507 loading class org/springframework/core/convert/ConversionServiceCustomizer
Event: 15.507 loading class org/springframework/core/convert/ConversionServiceCustomizer done


Dynamic libraries:
0x00007ff641290000 - 0x00007ff6412c7000 	C:\Program Files\Java\jdk1.8.0_202\bin\java.exe
0x00007ffdb0e30000 - 0x00007ffdb1028000 	C:\Windows\SYSTEM32\ntdll.dll
0x00007ffdb0c50000 - 0x00007ffdb0d0d000 	C:\Windows\System32\KERNEL32.DLL
0x00007ffdaea10000 - 0x00007ffdaed06000 	C:\Windows\System32\KERNELBASE.dll
0x00007ffdaf020000 - 0x00007ffdaf0cf000 	C:\Windows\System32\ADVAPI32.dll
0x00007ffdafaa0000 - 0x00007ffdafb3e000 	C:\Windows\System32\msvcrt.dll
0x00007ffdafd10000 - 0x00007ffdafdac000 	C:\Windows\System32\sechost.dll
0x00007ffdaf970000 - 0x00007ffdafa96000 	C:\Windows\System32\RPCRT4.dll
0x00007ffdb0850000 - 0x00007ffdb09ee000 	C:\Windows\System32\USER32.dll
0x00007ffdaed10000 - 0x00007ffdaed32000 	C:\Windows\System32\win32u.dll
0x00007ffdafe10000 - 0x00007ffdafe3c000 	C:\Windows\System32\GDI32.dll
0x00007ffdae850000 - 0x00007ffdae96a000 	C:\Windows\System32\gdi32full.dll
0x00007ffdae970000 - 0x00007ffdaea0d000 	C:\Windows\System32\msvcp_win.dll
0x00007ffdaed90000 - 0x00007ffdaee90000 	C:\Windows\System32\ucrtbase.dll
0x00007ffd9e450000 - 0x00007ffd9e6ea000 	C:\Windows\WinSxS\amd64_microsoft.windows.common-controls_6595b64144ccf1df_6.0.19041.3636_none_60b6a03d71f818d5\COMCTL32.dll
0x00007ffdafb40000 - 0x00007ffdafb70000 	C:\Windows\System32\IMM32.DLL
0x000000006a780000 - 0x000000006a852000 	C:\Program Files\Java\jdk1.8.0_202\jre\bin\msvcr100.dll
0x0000000069ed0000 - 0x000000006a775000 	C:\Program Files\Java\jdk1.8.0_202\jre\bin\server\jvm.dll
0x00007ffdaf190000 - 0x00007ffdaf198000 	C:\Windows\System32\PSAPI.DLL
0x00007ffd98760000 - 0x00007ffd98769000 	C:\Windows\SYSTEM32\WSOCK32.dll
0x00007ffdafc90000 - 0x00007ffdafcfb000 	C:\Windows\System32\WS2_32.dll
0x00007ffd9e700000 - 0x00007ffd9e727000 	C:\Windows\SYSTEM32\WINMM.dll
0x00007ffda8600000 - 0x00007ffda860a000 	C:\Windows\SYSTEM32\VERSION.dll
0x00007ffd94470000 - 0x00007ffd9447f000 	C:\Program Files\Java\jdk1.8.0_202\jre\bin\verify.dll
0x00007ffd88130000 - 0x00007ffd88159000 	C:\Program Files\Java\jdk1.8.0_202\jre\bin\java.dll
0x00007ffd95280000 - 0x00007ffd952a3000 	C:\Program Files\Java\jdk1.8.0_202\jre\bin\instrument.dll
0x00007ffd94450000 - 0x00007ffd94466000 	C:\Program Files\Java\jdk1.8.0_202\jre\bin\zip.dll
0x00007ffdaf220000 - 0x00007ffdaf964000 	C:\Windows\System32\SHELL32.dll
0x00007ffdac450000 - 0x00007ffdacbeb000 	C:\Windows\SYSTEM32\windows.storage.dll
0x00007ffdafed0000 - 0x00007ffdb0224000 	C:\Windows\System32\combase.dll
0x00007ffdade70000 - 0x00007ffdade9d000 	C:\Windows\SYSTEM32\Wldp.dll
0x00007ffdb0d40000 - 0x00007ffdb0ded000 	C:\Windows\System32\SHCORE.dll
0x00007ffdaee90000 - 0x00007ffdaeee5000 	C:\Windows\System32\shlwapi.dll
0x00007ffdae440000 - 0x00007ffdae465000 	C:\Windows\SYSTEM32\profapi.dll
0x00007ffd94640000 - 0x00007ffd9465a000 	C:\Program Files\JetBrains\IntelliJ IDEA 2023.2.1\bin\breakgen64.dll
0x00007ffd86b50000 - 0x00007ffd86b6a000 	C:\Program Files\Java\jdk1.8.0_202\jre\bin\net.dll
0x00007ffd99ad0000 - 0x00007ffd99cbd000 	C:\Windows\SYSTEM32\urlmon.dll
0x00007ffd9a6f0000 - 0x00007ffd9a9ac000 	C:\Windows\SYSTEM32\iertutil.dll
0x00007ffd99840000 - 0x00007ffd99868000 	C:\Windows\SYSTEM32\srvcli.dll
0x00007ffdada20000 - 0x00007ffdada2c000 	C:\Windows\SYSTEM32\netutils.dll
0x00007ffdadc50000 - 0x00007ffdadcba000 	C:\Windows\system32\mswsock.dll
0x00007ffdad950000 - 0x00007ffdada1a000 	C:\Windows\SYSTEM32\DNSAPI.dll
0x00007ffdad910000 - 0x00007ffdad94b000 	C:\Windows\SYSTEM32\IPHLPAPI.DLL
0x00007ffdb0d30000 - 0x00007ffdb0d38000 	C:\Windows\System32\NSI.dll
0x00007ffd9a4f0000 - 0x00007ffd9a4fa000 	C:\Windows\System32\rasadhlp.dll
0x00007ffd9f850000 - 0x00007ffd9f8d0000 	C:\Windows\System32\fwpuclnt.dll
0x00007ffdae7b0000 - 0x00007ffdae7d7000 	C:\Windows\System32\bcrypt.dll
0x00007ffd96890000 - 0x00007ffd9689d000 	C:\Program Files\Java\jdk1.8.0_202\jre\bin\management.dll
0x00007ffd7cc10000 - 0x00007ffd7cc22000 	C:\Program Files\Java\jdk1.8.0_202\jre\bin\nio.dll
0x00007ffdadeb0000 - 0x00007ffdadec8000 	C:\Windows\SYSTEM32\CRYPTSP.dll
0x00007ffdad530000 - 0x00007ffdad564000 	C:\Windows\system32\rsaenh.dll
0x00007ffdae400000 - 0x00007ffdae42e000 	C:\Windows\SYSTEM32\USERENV.dll
0x00007ffdae720000 - 0x00007ffdae7a2000 	C:\Windows\System32\bcryptprimitives.dll
0x00007ffdadde0000 - 0x00007ffdaddec000 	C:\Windows\SYSTEM32\CRYPTBASE.dll
0x00007ffda6520000 - 0x00007ffda6537000 	C:\Windows\SYSTEM32\dhcpcsvc6.DLL
0x00007ffda6500000 - 0x00007ffda651d000 	C:\Windows\SYSTEM32\dhcpcsvc.DLL
0x00007ffd926c0000 - 0x00007ffd926d7000 	C:\Windows\system32\napinsp.dll
0x00007ffd926a0000 - 0x00007ffd926bb000 	C:\Windows\system32\pnrpnsp.dll
0x00007ffda8ac0000 - 0x00007ffda8ad5000 	C:\Windows\system32\wshbth.dll
0x00007ffda93c0000 - 0x00007ffda93dd000 	C:\Windows\system32\NLAapi.dll
0x00007ffd92680000 - 0x00007ffd92692000 	C:\Windows\System32\winrnr.dll
0x00007ffd89160000 - 0x00007ffd89184000 	C:\Program Files\Java\jdk1.8.0_202\jre\bin\sunec.dll
0x00007ffd94630000 - 0x00007ffd9463b000 	C:\Program Files\Java\jdk1.8.0_202\jre\bin\sunmscapi.dll
0x00007ffdae510000 - 0x00007ffdae66d000 	C:\Windows\System32\CRYPT32.dll

VM Arguments:
jvm_args: -XX:TieredStopAtLevel=1 -Xverify:none -Dspring.output.ansi.enabled=always -Dcom.sun.management.jmxremote -Dspring.jmx.enabled=true -Dspring.liveBeansView.mbeanDomain -Dspring.application.admin.enabled=true -Dmanagement.endpoints.jmx.exposure.include=* -javaagent:C:\Program Files\JetBrains\IntelliJ IDEA 2023.2.1\lib\idea_rt.jar=53289:C:\Program Files\JetBrains\IntelliJ IDEA 2023.2.1\bin -Dfile.encoding=UTF-8 
java_command: tn.esprit.gestionchambre.GestionChambreApplication
java_class_path (initial): C:\Program Files\Java\jdk1.8.0_202\jre\lib\charsets.jar;C:\Program Files\Java\jdk1.8.0_202\jre\lib\deploy.jar;C:\Program Files\Java\jdk1.8.0_202\jre\lib\ext\access-bridge-64.jar;C:\Program Files\Java\jdk1.8.0_202\jre\lib\ext\cldrdata.jar;C:\Program Files\Java\jdk1.8.0_202\jre\lib\ext\dnsns.jar;C:\Program Files\Java\jdk1.8.0_202\jre\lib\ext\jaccess.jar;C:\Program Files\Java\jdk1.8.0_202\jre\lib\ext\jfxrt.jar;C:\Program Files\Java\jdk1.8.0_202\jre\lib\ext\localedata.jar;C:\Program Files\Java\jdk1.8.0_202\jre\lib\ext\nashorn.jar;C:\Program Files\Java\jdk1.8.0_202\jre\lib\ext\sunec.jar;C:\Program Files\Java\jdk1.8.0_202\jre\lib\ext\sunjce_provider.jar;C:\Program Files\Java\jdk1.8.0_202\jre\lib\ext\sunmscapi.jar;C:\Program Files\Java\jdk1.8.0_202\jre\lib\ext\sunpkcs11.jar;C:\Program Files\Java\jdk1.8.0_202\jre\lib\ext\zipfs.jar;C:\Program Files\Java\jdk1.8.0_202\jre\lib\javaws.jar;C:\Program Files\Java\jdk1.8.0_202\jre\lib\jce.jar;C:\Program Files\Java\jdk1.8.0_202\jre\lib\jfr.jar;C:\Program Files\Java\jdk1.8.0_202\jre\lib\jfxswt.jar;C:\Program Files\Java\jdk1.8.0_202\jre\lib\jsse.jar;C:\Program Files\Java\jdk1.8.0_202\jre\lib\management-agent.jar;C:\Program Files\Java\jdk1.8.0_202\jre\lib\plugin.jar;C:\Program Files\Java\jdk1.8.0_202\jre\lib\resources.jar;C:\Program Files\Java\jdk1.8.0_202\jre\lib\rt.jar;C:\Users\ASUS\Desktop\4twin\ApplicationDistribue\ProjectValidation\GestionChambre\target\classes;C:\Users\ASUS\.m2\repository\org\springframework\boot\spring-boot-starter-actuator\2.7.17\spring-boot-starter-actuator-2.7.17.jar;C:\Users\ASUS\.m2\repository\org\springframework\boot\spring-boot-starter\2.7.17\spring-boot-starter-2.7.17.jar;C:\Users\ASUS\.m2\repository\org\springframework\boot\spring-boot\2.7.17\spring-boot-2.7.17.jar;C:\Users\ASUS\.m2\repository\org\springframework\boot\spring-boot-autoconfigure\2.7.17\spring-boot-autoconfigure-2.7.17.jar;C:\Users\ASUS\.m2\repository\org\springframework\boot\spring-boot-starter-logging\2.7.17\s
Launcher Type: SUN_STANDARD

Environment Variables:
JAVA_HOME=C:\Program Files\Java\jdk-17\bin
PATH=C:\Program Files (x86)\VMware\VMware Workstation\bin\;C:\Program Files (x86)\Common Files\Oracle\Java\javapath;C:\Program Files\Common Files\Oracle\Java\javapath;C:\Windows\system32;C:\Windows;C:\Windows\System32\Wbem;C:\Windows\System32\WindowsPowerShell\v1.0\;C:\Windows\System32\OpenSSH\;C:\Program Files\Git\cmd;C:\Program Files\nodejs\;C:\Program Files\Java\jdk1.8.0_202\bin;C:\Program Files\Java\jdk-17\bin;C:\Users\ASUS\AppData\Local\Microsoft\WindowsApps;C:\Users\ASUS\AppData\Local\GitHubDesktop\bin;C:\Users\ASUS\AppData\Roaming\npm;C:\Users\ASUS\AppData\Local\Programs\Microsoft VS Code\bin;C:\Program Files\MongoDB\Server\4.0\bin;
USERNAME=ASUS
OS=Windows_NT
PROCESSOR_IDENTIFIER=Intel64 Family 6 Model 142 Stepping 9, GenuineIntel



---------------  S Y S T E M  ---------------

OS: Windows 10.0 , 64 bit Build 19041 (10.0.19041.3636)

CPU:total 4 (initial active 4) (2 cores per cpu, 2 threads per core) family 6 model 142 stepping 9, cmov, cx8, fxsr, mmx, sse, sse2, sse3, ssse3, sse4.1, sse4.2, popcnt, avx, avx2, aes, clmul, erms, 3dnowpref, lzcnt, ht, tsc, tscinvbit, bmi1, bmi2, adx

Memory: 4k page, physical 8267184k(442644k free), swap 11628224k(3072k free)

vm_info: Java HotSpot(TM) 64-Bit Server VM (25.202-b08) for windows-amd64 JRE (1.8.0_202-b08), built on Dec 15 2018 19:54:30 by "java_re" with MS VC++ 10.0 (VS2010)

time: Fri Dec 08 19:49:02 2023
timezone: Paris, Madrid
elapsed time: 15 seconds (0d 0h 0m 15s)

